code-creation,Stub,2,0x1ff16c806000,338,"JSEntryStub"
code-creation,Stub,2,0x1ff16c806160,338,"JSConstructEntryStub"
code-creation,Stub,2,0x1ff16c8062c0,780,"CEntryStub"
code-creation,Stub,2,0x1ff16c8065e0,1128,"CEntryStub"
code-creation,Stub,2,0x1ff16c806a60,162,"StoreBufferOverflowStub"
code-creation,Stub,2,0x1ff16c806b20,382,"StoreBufferOverflowStub"
code-creation,Stub,2,0x1ff16c806ca0,116,"StubFailureTrampolineStub"
code-creation,Stub,2,0x1ff16c806d20,117,"StubFailureTrampolineStub"
code-creation,Stub,2,0x1ff16c806da0,1763,"RecordWriteStub"
code-creation,Stub,2,0x1ff16c8074a0,1756,"RecordWriteStub"
code-creation,Stub,2,0x1ff16c807b80,1756,"RecordWriteStub"
code-creation,Stub,2,0x1ff16c808260,1750,"RecordWriteStub"
code-creation,Stub,2,0x1ff16c808940,1810,"RecordWriteStub"
code-creation,Stub,2,0x1ff16c809060,1786,"RecordWriteStub"
code-creation,Stub,2,0x1ff16c809760,1756,"RecordWriteStub"
code-creation,Stub,2,0x1ff16c809e40,1768,"RecordWriteStub"
code-creation,Stub,2,0x1ff16c80a540,784,"RecordWriteStub"
code-creation,Stub,2,0x1ff16c80a860,1750,"RecordWriteStub"
code-creation,Stub,2,0x1ff16c80af40,1767,"RecordWriteStub"
code-creation,Stub,2,0x1ff16c80b640,1805,"RecordWriteStub"
code-creation,Stub,2,0x1ff16c80bd60,1786,"RecordWriteStub"
code-creation,Stub,2,0x1ff16c80c460,1781,"RecordWriteStub"
code-creation,Stub,2,0x1ff16c80cb60,478,"ArrayNoArgumentConstructorStub"
code-creation,Stub,2,0x1ff16c80cd40,450,"ArrayNoArgumentConstructorStub"
code-creation,Stub,2,0x1ff16c80cf20,482,"ArrayNoArgumentConstructorStub"
code-creation,Stub,2,0x1ff16c80d120,458,"ArrayNoArgumentConstructorStub"
code-creation,Stub,2,0x1ff16c80d300,462,"ArrayNoArgumentConstructorStub"
code-creation,Stub,2,0x1ff16c80d4e0,462,"ArrayNoArgumentConstructorStub"
code-creation,Stub,2,0x1ff16c80d6c0,458,"ArrayNoArgumentConstructorStub"
code-creation,Stub,2,0x1ff16c80d8a0,458,"ArrayNoArgumentConstructorStub"
code-creation,Stub,2,0x1ff16c80da80,590,"ArraySingleArgumentConstructorStub"
code-creation,Stub,2,0x1ff16c80dce0,558,"ArraySingleArgumentConstructorStub"
code-creation,Stub,2,0x1ff16c80df20,598,"ArraySingleArgumentConstructorStub"
code-creation,Stub,2,0x1ff16c80e180,570,"ArraySingleArgumentConstructorStub"
code-creation,Stub,2,0x1ff16c80e3c0,578,"ArraySingleArgumentConstructorStub"
code-creation,Stub,2,0x1ff16c80e620,578,"ArraySingleArgumentConstructorStub"
code-creation,Stub,2,0x1ff16c80e880,570,"ArraySingleArgumentConstructorStub"
code-creation,Stub,2,0x1ff16c80eac0,570,"ArraySingleArgumentConstructorStub"
code-creation,Stub,2,0x1ff16c80ed00,562,"ArrayNArgumentsConstructorStub"
code-creation,Stub,2,0x1ff16c80ef40,538,"ArrayNArgumentsConstructorStub"
code-creation,Stub,2,0x1ff16c80f160,574,"ArrayNArgumentsConstructorStub"
code-creation,Stub,2,0x1ff16c80f3a0,542,"ArrayNArgumentsConstructorStub"
code-creation,Stub,2,0x1ff16c80f5c0,558,"ArrayNArgumentsConstructorStub"
code-creation,Stub,2,0x1ff16c80f800,558,"ArrayNArgumentsConstructorStub"
code-creation,Stub,2,0x1ff16c80fa40,478,"ArrayNArgumentsConstructorStub"
code-creation,Stub,2,0x1ff16c80fc20,478,"ArrayNArgumentsConstructorStub"
code-creation,Stub,2,0x1ff16c80fe00,2685,"RecordWriteStub"
code-creation,Stub,2,0x1ff16c810880,394,"CreateAllocationSiteStub"
code-creation,Stub,12,0x1ff16c810a20,146,"BinaryOpStub_SUB(None*None->None)"
code-creation,Stub,12,0x1ff16c810ac0,146,"BinaryOpStub_MOD(None*None->None)"
code-creation,Stub,12,0x1ff16c810b60,146,"BinaryOpStub_DIV(None*None->None)"
code-creation,Stub,12,0x1ff16c810c00,146,"BinaryOpStub_MUL(None*None->None)"
code-creation,Stub,12,0x1ff16c810ca0,146,"BinaryOpStub_ADD(None*None->None)"
code-creation,Stub,12,0x1ff16c810d40,146,"BinaryOpStub_SAR(None*None->None)"
code-creation,Stub,12,0x1ff16c810de0,146,"BinaryOpStub_BIT_OR(None*None->None)"
code-creation,Stub,12,0x1ff16c810e80,146,"BinaryOpStub_BIT_AND(None*None->None)"
code-creation,Stub,12,0x1ff16c810f20,146,"BinaryOpStub_BIT_XOR(None*None->None)"
code-creation,Stub,12,0x1ff16c810fc0,146,"BinaryOpStub_SHL(None*None->None)"
code-creation,Stub,12,0x1ff16c811060,146,"BinaryOpStub_SHR(None*None->None)"
code-creation,Stub,12,0x1ff16c811100,348,"BinaryOpStub_ADD(Int32*Int32->Int32)"
code-creation,Stub,12,0x1ff16c811260,380,"BinaryOpStub_ADD_ReuseLeft(Int32*Int32->Int32)"
code-creation,Stub,12,0x1ff16c8113e0,502,"BinaryOpStub_ADD(Int32*Int32->Number)"
code-creation,Stub,12,0x1ff16c8115e0,522,"BinaryOpStub_ADD_ReuseLeft(Int32*Int32->Number)"
code-creation,Stub,12,0x1ff16c811800,482,"BinaryOpStub_ADD(Int32*Number->Number)"
code-creation,Stub,12,0x1ff16c811a00,506,"BinaryOpStub_ADD_ReuseLeft(Int32*Number->Number)"
code-creation,Stub,12,0x1ff16c811c00,502,"BinaryOpStub_ADD_ReuseRight(Int32*Number->Number)"
code-creation,Stub,12,0x1ff16c811e00,288,"BinaryOpStub_ADD(Int32*Smi->Int32)"
code-creation,Stub,12,0x1ff16c811f20,320,"BinaryOpStub_ADD_ReuseLeft(Int32*Smi->Int32)"
code-creation,Stub,12,0x1ff16c812060,288,"BinaryOpStub_ADD_ReuseRight(Int32*Smi->Int32)"
code-creation,Stub,12,0x1ff16c812180,486,"BinaryOpStub_ADD(Number*Int32->Number)"
code-creation,Stub,12,0x1ff16c812380,506,"BinaryOpStub_ADD_ReuseLeft(Number*Int32->Number)"
code-creation,Stub,12,0x1ff16c812580,502,"BinaryOpStub_ADD_ReuseRight(Number*Int32->Number)"
code-creation,Stub,12,0x1ff16c812780,442,"BinaryOpStub_ADD(Number*Number->Number)"
code-creation,Stub,12,0x1ff16c812940,466,"BinaryOpStub_ADD_ReuseLeft(Number*Number->Number)"
code-creation,Stub,12,0x1ff16c812b20,462,"BinaryOpStub_ADD_ReuseRight(Number*Number->Number)"
code-creation,Stub,12,0x1ff16c812d00,410,"BinaryOpStub_ADD(Number*Smi->Number)"
code-creation,Stub,12,0x1ff16c812ea0,434,"BinaryOpStub_ADD_ReuseLeft(Number*Smi->Number)"
code-creation,Stub,12,0x1ff16c813060,410,"BinaryOpStub_ADD_ReuseRight(Number*Smi->Number)"
code-creation,Stub,12,0x1ff16c813200,272,"BinaryOpStub_ADD(Smi*Int32->Int32)"
code-creation,Stub,12,0x1ff16c813320,272,"BinaryOpStub_ADD_ReuseLeft(Smi*Int32->Int32)"
code-creation,Stub,12,0x1ff16c813440,450,"BinaryOpStub_ADD(Smi*Int32->Number)"
code-creation,Stub,12,0x1ff16c813620,410,"BinaryOpStub_ADD(Smi*Number->Number)"
code-creation,Stub,12,0x1ff16c8137c0,410,"BinaryOpStub_ADD_ReuseLeft(Smi*Number->Number)"
code-creation,Stub,12,0x1ff16c813960,426,"BinaryOpStub_ADD_ReuseRight(Smi*Number->Number)"
code-creation,Stub,12,0x1ff16c813b20,216,"BinaryOpStub_ADD_ReuseLeft(Smi*Smi->Int32)"
code-creation,Stub,12,0x1ff16c813c00,204,"BinaryOpStub_ADD_ReuseRight(Smi*Smi->Smi)"
code-creation,Stub,2,0x1ff16c813ce0,182,"DoubleToIStub"
code-creation,Stub,2,0x1ff16c813da0,184,"DoubleToIStub"
code-creation,Stub,12,0x1ff16c813e60,428,"BinaryOpStub_BIT_AND(Int32*Int32->Int32)"
code-creation,Stub,12,0x1ff16c814020,460,"BinaryOpStub_BIT_AND_ReuseLeft(Int32*Int32->Int32)"
code-creation,Stub,12,0x1ff16c814200,456,"BinaryOpStub_BIT_AND_ReuseRight(Int32*Int32->Int32)"
code-creation,Stub,12,0x1ff16c8143e0,428,"BinaryOpStub_BIT_AND(Int32*Int32->Smi)"
code-creation,Stub,12,0x1ff16c8145a0,428,"BinaryOpStub_BIT_AND_ReuseRight(Int32*Int32->Smi)"
code-creation,Stub,12,0x1ff16c814760,324,"BinaryOpStub_BIT_AND(Int32*Smi->Int32)"
code-creation,Stub,12,0x1ff16c8148c0,324,"BinaryOpStub_BIT_AND_ReuseRight(Int32*Smi->Int32)"
code-creation,Stub,12,0x1ff16c814a20,324,"BinaryOpStub_BIT_AND(Int32*Smi->Smi)"
code-creation,Stub,12,0x1ff16c814b80,324,"BinaryOpStub_BIT_AND_ReuseLeft(Int32*Smi->Smi)"
code-creation,Stub,12,0x1ff16c814ce0,324,"BinaryOpStub_BIT_AND_ReuseRight(Int32*Smi->Smi)"
code-creation,Stub,12,0x1ff16c814e40,456,"BinaryOpStub_BIT_AND_ReuseRight(Number*Int32->Int32)"
code-creation,Stub,12,0x1ff16c815020,324,"BinaryOpStub_BIT_AND(Number*Smi->Smi)"
code-creation,Stub,12,0x1ff16c815180,324,"BinaryOpStub_BIT_AND_ReuseRight(Number*Smi->Smi)"
code-creation,Stub,12,0x1ff16c8152e0,324,"BinaryOpStub_BIT_AND(Smi*Int32->Int32)"
code-creation,Stub,12,0x1ff16c815440,324,"BinaryOpStub_BIT_AND_ReuseRight(Smi*Int32->Smi)"
code-creation,Stub,12,0x1ff16c8155a0,324,"BinaryOpStub_BIT_AND_ReuseRight(Smi*Number->Smi)"
code-creation,Stub,12,0x1ff16c815700,184,"BinaryOpStub_BIT_AND(Smi*Smi->Smi)"
code-creation,Stub,12,0x1ff16c8157c0,184,"BinaryOpStub_BIT_AND_ReuseLeft(Smi*Smi->Smi)"
code-creation,Stub,12,0x1ff16c815880,184,"BinaryOpStub_BIT_AND_ReuseRight(Smi*Smi->Smi)"
code-creation,Stub,12,0x1ff16c815940,460,"BinaryOpStub_BIT_OR_ReuseLeft(Int32*Int32->Int32)"
code-creation,Stub,12,0x1ff16c815b20,456,"BinaryOpStub_BIT_OR_ReuseRight(Int32*Int32->Int32)"
code-creation,Stub,12,0x1ff16c815d00,428,"BinaryOpStub_BIT_OR_ReuseLeft(Int32*Int32->Smi)"
code-creation,Stub,12,0x1ff16c815ec0,324,"BinaryOpStub_BIT_OR(Int32*Smi->Int32)"
code-creation,Stub,12,0x1ff16c816020,352,"BinaryOpStub_BIT_OR_ReuseLeft(Int32*Smi->Int32)"
code-creation,Stub,12,0x1ff16c816180,324,"BinaryOpStub_BIT_OR_ReuseRight(Int32*Smi->Int32)"
code-creation,Stub,12,0x1ff16c8162e0,324,"BinaryOpStub_BIT_OR(Int32*Smi->Smi)"
code-creation,Stub,12,0x1ff16c816440,324,"BinaryOpStub_BIT_OR_ReuseRight(Int32*Smi->Smi)"
code-creation,Stub,12,0x1ff16c8165a0,324,"BinaryOpStub_BIT_OR(Number*Smi->Int32)"
code-creation,Stub,12,0x1ff16c816700,352,"BinaryOpStub_BIT_OR_ReuseLeft(Number*Smi->Int32)"
code-creation,Stub,12,0x1ff16c816860,324,"BinaryOpStub_BIT_OR_ReuseRight(Number*Smi->Int32)"
code-creation,Stub,12,0x1ff16c8169c0,324,"BinaryOpStub_BIT_OR(Number*Smi->Smi)"
code-creation,Stub,12,0x1ff16c816b20,324,"BinaryOpStub_BIT_OR_ReuseLeft(Number*Smi->Smi)"
code-creation,Stub,12,0x1ff16c816c80,324,"BinaryOpStub_BIT_OR_ReuseLeft(Smi*Int32->Int32)"
code-creation,Stub,12,0x1ff16c816de0,348,"BinaryOpStub_BIT_OR_ReuseRight(Smi*Int32->Int32)"
code-creation,Stub,12,0x1ff16c816f40,324,"BinaryOpStub_BIT_OR_ReuseRight(Smi*Int32->Smi)"
code-creation,Stub,12,0x1ff16c8170a0,184,"BinaryOpStub_BIT_OR_ReuseLeft(Smi*Smi->Smi)"
code-creation,Stub,12,0x1ff16c817160,184,"BinaryOpStub_BIT_OR_ReuseRight(Smi*Smi->Smi)"
code-creation,Stub,12,0x1ff16c817220,428,"BinaryOpStub_BIT_XOR(Int32*Int32->Int32)"
code-creation,Stub,12,0x1ff16c8173e0,460,"BinaryOpStub_BIT_XOR_ReuseLeft(Int32*Int32->Int32)"
code-creation,Stub,12,0x1ff16c8175c0,456,"BinaryOpStub_BIT_XOR_ReuseRight(Int32*Int32->Int32)"
code-creation,Stub,12,0x1ff16c8177a0,428,"BinaryOpStub_BIT_XOR(Int32*Int32->Smi)"
code-creation,Stub,12,0x1ff16c817960,428,"BinaryOpStub_BIT_XOR_ReuseLeft(Int32*Int32->Smi)"
code-creation,Stub,12,0x1ff16c817b20,428,"BinaryOpStub_BIT_XOR(Int32*Number->Smi)"
code-creation,Stub,12,0x1ff16c817ce0,324,"BinaryOpStub_BIT_XOR(Int32*Smi->Int32)"
code-creation,Stub,12,0x1ff16c817e40,352,"BinaryOpStub_BIT_XOR_ReuseLeft(Int32*Smi->Int32)"
code-creation,Stub,12,0x1ff16c817fa0,324,"BinaryOpStub_BIT_XOR_ReuseRight(Int32*Smi->Int32)"
code-creation,Stub,12,0x1ff16c818100,428,"BinaryOpStub_BIT_XOR(Number*Int32->Int32)"
code-creation,Stub,12,0x1ff16c8182c0,324,"BinaryOpStub_BIT_XOR(Number*Smi->Int32)"
code-creation,Stub,12,0x1ff16c818420,324,"BinaryOpStub_BIT_XOR(Number*Smi->Smi)"
code-creation,Stub,12,0x1ff16c818580,324,"BinaryOpStub_BIT_XOR(Smi*Int32->Int32)"
code-creation,Stub,12,0x1ff16c8186e0,324,"BinaryOpStub_BIT_XOR_ReuseLeft(Smi*Int32->Int32)"
code-creation,Stub,12,0x1ff16c818840,324,"BinaryOpStub_BIT_XOR_ReuseLeft(Smi*Int32->Smi)"
code-creation,Stub,12,0x1ff16c8189a0,184,"BinaryOpStub_BIT_XOR(Smi*Smi->Smi)"
code-creation,Stub,12,0x1ff16c818a60,184,"BinaryOpStub_BIT_XOR_ReuseLeft(Smi*Smi->Smi)"
code-creation,Stub,12,0x1ff16c818b20,184,"BinaryOpStub_BIT_XOR_ReuseRight(Smi*Smi->Smi)"
code-creation,Stub,12,0x1ff16c818be0,408,"BinaryOpStub_DIV(Int32*Int32->Int32)"
code-creation,Stub,12,0x1ff16c818d80,502,"BinaryOpStub_DIV(Int32*Int32->Number)"
code-creation,Stub,12,0x1ff16c818f80,486,"BinaryOpStub_DIV(Int32*Number->Number)"
code-creation,Stub,12,0x1ff16c819180,510,"BinaryOpStub_DIV_ReuseLeft(Int32*Number->Number)"
code-creation,Stub,12,0x1ff16c819380,332,"BinaryOpStub_DIV(Int32*Smi->Int32)"
code-creation,Stub,12,0x1ff16c8194e0,454,"BinaryOpStub_DIV(Int32*Smi->Number)"
code-creation,Stub,12,0x1ff16c8196c0,486,"BinaryOpStub_DIV(Number*Int32->Number)"
code-creation,Stub,12,0x1ff16c8198c0,510,"BinaryOpStub_DIV_ReuseLeft(Number*Int32->Number)"
code-creation,Stub,12,0x1ff16c819ac0,446,"BinaryOpStub_DIV(Number*Number->Number)"
code-creation,Stub,12,0x1ff16c819c80,466,"BinaryOpStub_DIV_ReuseLeft(Number*Number->Number)"
code-creation,Stub,12,0x1ff16c819e60,462,"BinaryOpStub_DIV_ReuseRight(Number*Number->Number)"
code-creation,Stub,12,0x1ff16c81a040,414,"BinaryOpStub_DIV(Number*Smi->Number)"
code-creation,Stub,12,0x1ff16c81a1e0,434,"BinaryOpStub_DIV_ReuseLeft(Number*Smi->Number)"
code-creation,Stub,12,0x1ff16c81a3a0,332,"BinaryOpStub_DIV(Smi*Int32->Int32)"
code-creation,Stub,12,0x1ff16c81a500,454,"BinaryOpStub_DIV(Smi*Int32->Number)"
code-creation,Stub,12,0x1ff16c81a6e0,454,"BinaryOpStub_DIV_ReuseLeft(Smi*Int32->Number)"
code-creation,Stub,12,0x1ff16c81a8c0,414,"BinaryOpStub_DIV(Smi*Number->Number)"
code-creation,Stub,12,0x1ff16c81aa60,414,"BinaryOpStub_DIV_ReuseLeft(Smi*Number->Number)"
code-creation,Stub,12,0x1ff16c81ac00,430,"BinaryOpStub_DIV_ReuseRight(Smi*Number->Number)"
code-creation,Stub,12,0x1ff16c81adc0,382,"BinaryOpStub_DIV(Smi*Smi->Number)"
code-creation,Stub,12,0x1ff16c81af40,382,"BinaryOpStub_DIV_ReuseLeft(Smi*Smi->Number)"
code-creation,Stub,12,0x1ff16c81b0c0,382,"BinaryOpStub_DIV_ReuseRight(Smi*Smi->Number)"
code-creation,Stub,12,0x1ff16c81b240,264,"BinaryOpStub_DIV(Smi*Smi->Smi)"
code-creation,Stub,12,0x1ff16c81b360,264,"BinaryOpStub_DIV_ReuseLeft(Smi*Smi->Smi)"
code-creation,Stub,12,0x1ff16c81b480,264,"BinaryOpStub_DIV_ReuseRight(Smi*Smi->Smi)"
code-creation,Stub,12,0x1ff16c81b5a0,467,"BinaryOpStub_MOD_ReuseLeft(Number*Smi->Number)"
code-creation,Stub,12,0x1ff16c81b780,236,"BinaryOpStub_MOD_ReuseLeft(Smi*16->Smi)"
code-creation,Stub,12,0x1ff16c81b880,236,"BinaryOpStub_MOD(Smi*2->Smi)"
code-creation,Stub,12,0x1ff16c81b980,244,"BinaryOpStub_MOD(Smi*2048->Smi)"
code-creation,Stub,12,0x1ff16c81ba80,236,"BinaryOpStub_MOD(Smi*32->Smi)"
code-creation,Stub,12,0x1ff16c81bb80,236,"BinaryOpStub_MOD(Smi*4->Smi)"
code-creation,Stub,12,0x1ff16c81bc80,236,"BinaryOpStub_MOD_ReuseLeft(Smi*4->Smi)"
code-creation,Stub,12,0x1ff16c81bd80,236,"BinaryOpStub_MOD(Smi*8->Smi)"
code-creation,Stub,12,0x1ff16c81be80,256,"BinaryOpStub_MOD(Smi*Smi->Smi)"
code-creation,Stub,12,0x1ff16c81bf80,256,"BinaryOpStub_MOD_ReuseLeft(Smi*Smi->Smi)"
code-creation,Stub,12,0x1ff16c81c080,380,"BinaryOpStub_MUL(Int32*Int32->Int32)"
code-creation,Stub,12,0x1ff16c81c200,502,"BinaryOpStub_MUL(Int32*Int32->Number)"
code-creation,Stub,12,0x1ff16c81c400,482,"BinaryOpStub_MUL(Int32*Number->Number)"
code-creation,Stub,12,0x1ff16c81c600,506,"BinaryOpStub_MUL_ReuseLeft(Int32*Number->Number)"
code-creation,Stub,12,0x1ff16c81c800,308,"BinaryOpStub_MUL(Int32*Smi->Int32)"
code-creation,Stub,12,0x1ff16c81c940,336,"BinaryOpStub_MUL_ReuseLeft(Int32*Smi->Int32)"
code-creation,Stub,12,0x1ff16c81caa0,450,"BinaryOpStub_MUL(Int32*Smi->Number)"
code-creation,Stub,12,0x1ff16c81cc80,486,"BinaryOpStub_MUL(Number*Int32->Number)"
code-creation,Stub,12,0x1ff16c81ce80,506,"BinaryOpStub_MUL_ReuseLeft(Number*Int32->Number)"
code-creation,Stub,12,0x1ff16c81d080,502,"BinaryOpStub_MUL_ReuseRight(Number*Int32->Number)"
code-creation,Stub,12,0x1ff16c81d280,442,"BinaryOpStub_MUL(Number*Number->Number)"
code-creation,Stub,12,0x1ff16c81d440,466,"BinaryOpStub_MUL_ReuseLeft(Number*Number->Number)"
code-creation,Stub,12,0x1ff16c81d620,410,"BinaryOpStub_MUL(Number*Smi->Number)"
code-creation,Stub,12,0x1ff16c81d7c0,434,"BinaryOpStub_MUL_ReuseLeft(Number*Smi->Number)"
code-creation,Stub,12,0x1ff16c81d980,410,"BinaryOpStub_MUL_ReuseRight(Number*Smi->Number)"
code-creation,Stub,12,0x1ff16c81db20,304,"BinaryOpStub_MUL(Smi*Int32->Int32)"
code-creation,Stub,12,0x1ff16c81dc60,304,"BinaryOpStub_MUL_ReuseLeft(Smi*Int32->Int32)"
code-creation,Stub,12,0x1ff16c81dda0,450,"BinaryOpStub_MUL(Smi*Int32->Number)"
code-creation,Stub,12,0x1ff16c81df80,410,"BinaryOpStub_MUL(Smi*Number->Number)"
code-creation,Stub,12,0x1ff16c81e120,410,"BinaryOpStub_MUL_ReuseLeft(Smi*Number->Number)"
code-creation,Stub,12,0x1ff16c81e2c0,426,"BinaryOpStub_MUL_ReuseRight(Smi*Number->Number)"
code-creation,Stub,12,0x1ff16c81e480,232,"BinaryOpStub_MUL(Smi*Smi->Int32)"
code-creation,Stub,12,0x1ff16c81e580,378,"BinaryOpStub_MUL(Smi*Smi->Number)"
code-creation,Stub,12,0x1ff16c81e700,378,"BinaryOpStub_MUL_ReuseLeft(Smi*Smi->Number)"
code-creation,Stub,12,0x1ff16c81e880,224,"BinaryOpStub_MUL(Smi*Smi->Smi)"
code-creation,Stub,12,0x1ff16c81e960,224,"BinaryOpStub_MUL_ReuseLeft(Smi*Smi->Smi)"
code-creation,Stub,12,0x1ff16c81ea40,224,"BinaryOpStub_MUL_ReuseRight(Smi*Smi->Smi)"
code-creation,Stub,12,0x1ff16c81eb20,324,"BinaryOpStub_SAR_ReuseRight(Int32*Smi->Int32)"
code-creation,Stub,12,0x1ff16c81ec80,324,"BinaryOpStub_SAR(Int32*Smi->Smi)"
code-creation,Stub,12,0x1ff16c81ede0,324,"BinaryOpStub_SAR_ReuseRight(Int32*Smi->Smi)"
code-creation,Stub,12,0x1ff16c81ef40,332,"BinaryOpStub_SAR(Number*Smi->Smi)"
code-creation,Stub,12,0x1ff16c81f0a0,332,"BinaryOpStub_SAR_ReuseRight(Number*Smi->Smi)"
code-creation,Stub,12,0x1ff16c81f200,196,"BinaryOpStub_SAR_ReuseLeft(Smi*Smi->Smi)"
code-creation,Stub,12,0x1ff16c81f2e0,196,"BinaryOpStub_SAR_ReuseRight(Smi*Smi->Smi)"
code-creation,Stub,12,0x1ff16c81f3c0,324,"BinaryOpStub_SHL(Int32*Smi->Int32)"
code-creation,Stub,12,0x1ff16c81f520,324,"BinaryOpStub_SHL_ReuseRight(Int32*Smi->Int32)"
code-creation,Stub,12,0x1ff16c81f680,324,"BinaryOpStub_SHL(Int32*Smi->Smi)"
code-creation,Stub,12,0x1ff16c81f7e0,324,"BinaryOpStub_SHL_ReuseRight(Int32*Smi->Smi)"
code-creation,Stub,12,0x1ff16c81f940,332,"BinaryOpStub_SHL_ReuseRight(Number*Smi->Smi)"
code-creation,Stub,12,0x1ff16c81faa0,196,"BinaryOpStub_SHL(Smi*Smi->Int32)"
code-creation,Stub,12,0x1ff16c81fb80,196,"BinaryOpStub_SHL_ReuseLeft(Smi*Smi->Int32)"
code-creation,Stub,12,0x1ff16c81fc60,196,"BinaryOpStub_SHL_ReuseRight(Smi*Smi->Int32)"
code-creation,Stub,12,0x1ff16c81fd40,196,"BinaryOpStub_SHL(Smi*Smi->Smi)"
code-creation,Stub,12,0x1ff16c81fe20,196,"BinaryOpStub_SHL_ReuseLeft(Smi*Smi->Smi)"
code-creation,Stub,12,0x1ff16c81ff00,196,"BinaryOpStub_SHL_ReuseRight(Smi*Smi->Smi)"
code-creation,Stub,12,0x1ff16c81ffe0,372,"BinaryOpStub_SHR(Int32*Smi->Smi)"
code-creation,Stub,12,0x1ff16c820160,372,"BinaryOpStub_SHR_ReuseLeft(Int32*Smi->Smi)"
code-creation,Stub,12,0x1ff16c8202e0,372,"BinaryOpStub_SHR_ReuseRight(Int32*Smi->Smi)"
code-creation,Stub,12,0x1ff16c820460,376,"BinaryOpStub_SHR(Number*Smi->Smi)"
code-creation,Stub,12,0x1ff16c8205e0,376,"BinaryOpStub_SHR_ReuseLeft(Number*Smi->Smi)"
code-creation,Stub,12,0x1ff16c820760,518,"BinaryOpStub_SHR_ReuseRight(Number*Smi->Int32)"
code-creation,Stub,12,0x1ff16c820980,244,"BinaryOpStub_SHR(Smi*Smi->Smi)"
code-creation,Stub,12,0x1ff16c820a80,244,"BinaryOpStub_SHR_ReuseLeft(Smi*Smi->Smi)"
code-creation,Stub,12,0x1ff16c820b80,244,"BinaryOpStub_SHR_ReuseRight(Smi*Smi->Smi)"
code-creation,Stub,12,0x1ff16c820c80,348,"BinaryOpStub_SUB(Int32*Int32->Int32)"
code-creation,Stub,12,0x1ff16c820de0,380,"BinaryOpStub_SUB_ReuseLeft(Int32*Int32->Int32)"
code-creation,Stub,12,0x1ff16c820f60,482,"BinaryOpStub_SUB(Int32*Number->Number)"
code-creation,Stub,12,0x1ff16c821160,502,"BinaryOpStub_SUB_ReuseRight(Int32*Number->Number)"
code-creation,Stub,12,0x1ff16c821360,320,"BinaryOpStub_SUB_ReuseLeft(Int32*Smi->Int32)"
code-creation,Stub,12,0x1ff16c8214a0,288,"BinaryOpStub_SUB_ReuseRight(Int32*Smi->Int32)"
code-creation,Stub,12,0x1ff16c8215c0,486,"BinaryOpStub_SUB(Number*Int32->Number)"
code-creation,Stub,12,0x1ff16c8217c0,506,"BinaryOpStub_SUB_ReuseLeft(Number*Int32->Number)"
code-creation,Stub,12,0x1ff16c8219c0,442,"BinaryOpStub_SUB(Number*Number->Number)"
code-creation,Stub,12,0x1ff16c821b80,466,"BinaryOpStub_SUB_ReuseLeft(Number*Number->Number)"
code-creation,Stub,12,0x1ff16c821d60,462,"BinaryOpStub_SUB_ReuseRight(Number*Number->Number)"
code-creation,Stub,12,0x1ff16c821f40,410,"BinaryOpStub_SUB(Number*Smi->Number)"
code-creation,Stub,12,0x1ff16c8220e0,434,"BinaryOpStub_SUB_ReuseLeft(Number*Smi->Number)"
code-creation,Stub,12,0x1ff16c8222a0,410,"BinaryOpStub_SUB_ReuseRight(Number*Smi->Number)"
code-creation,Stub,12,0x1ff16c822440,272,"BinaryOpStub_SUB(Smi*Int32->Int32)"
code-creation,Stub,12,0x1ff16c822560,410,"BinaryOpStub_SUB(Smi*Number->Number)"
code-creation,Stub,12,0x1ff16c822700,410,"BinaryOpStub_SUB_ReuseLeft(Smi*Number->Number)"
code-creation,Stub,12,0x1ff16c8228a0,426,"BinaryOpStub_SUB_ReuseRight(Smi*Number->Number)"
code-creation,Stub,12,0x1ff16c822a60,204,"BinaryOpStub_SUB(Smi*Smi->Smi)"
code-creation,Stub,12,0x1ff16c822b40,204,"BinaryOpStub_SUB_ReuseLeft(Smi*Smi->Smi)"
code-creation,Stub,12,0x1ff16c822c20,204,"BinaryOpStub_SUB_ReuseRight(Smi*Smi->Smi)"
code-creation,Builtin,4,0x1ff16c822d00,112,"Illegal"
code-creation,Builtin,4,0x1ff16c822d80,112,"EmptyFunction"
code-creation,Builtin,4,0x1ff16c822e00,112,"ArrayPush"
code-creation,Builtin,4,0x1ff16c822e80,112,"ArrayPop"
code-creation,Builtin,4,0x1ff16c822f00,112,"ArrayShift"
code-creation,Builtin,4,0x1ff16c822f80,112,"ArrayUnshift"
code-creation,Builtin,4,0x1ff16c823000,112,"ArraySlice"
code-creation,Builtin,4,0x1ff16c823080,112,"ArraySplice"
code-creation,Builtin,4,0x1ff16c823100,112,"ArrayConcat"
code-creation,Builtin,4,0x1ff16c823180,117,"HandleApiCall"
code-creation,Builtin,4,0x1ff16c823200,117,"HandleApiCallConstruct"
code-creation,Builtin,4,0x1ff16c823280,112,"HandleApiCallAsFunction"
code-creation,Builtin,4,0x1ff16c823300,112,"HandleApiCallAsConstructor"
code-creation,Builtin,4,0x1ff16c823380,112,"StrictModePoisonPill"
code-creation,Builtin,4,0x1ff16c823400,266,"ArgumentsAdaptorTrampoline"
code-creation,Builtin,4,0x1ff16c823520,179,"InRecompileQueue"
code-creation,Builtin,4,0x1ff16c8235e0,603,"JSConstructStubCountdown"
code-creation,Builtin,4,0x1ff16c823840,535,"JSConstructStubGeneric"
code-creation,Builtin,4,0x1ff16c823a60,512,"JSConstructStubApi"
code-creation,Builtin,4,0x1ff16c823c60,203,"JSEntryTrampoline"
code-creation,Stub,2,0x1ff16c823d40,196,"CallConstructStub"
code-creation,Builtin,4,0x1ff16c823e20,184,"JSConstructEntryTrampoline"
code-creation,Builtin,4,0x1ff16c823ee0,154,"LazyCompile"
code-creation,Builtin,4,0x1ff16c823f80,154,"LazyRecompile"
code-creation,Builtin,4,0x1ff16c824020,163,"ConcurrentRecompile"
code-creation,Builtin,4,0x1ff16c8240e0,212,"NotifyDeoptimized"
code-creation,Builtin,4,0x1ff16c8241c0,216,"NotifySoftDeoptimized"
code-creation,Builtin,4,0x1ff16c8242a0,212,"NotifyLazyDeoptimized"
code-creation,Builtin,4,0x1ff16c824380,186,"NotifyStubFailure"
code-creation,Builtin,4,0x1ff16c824440,186,"NotifyStubFailureSaveDoubles"
code-creation,Builtin,4,0x1ff16c824500,117,"LoadIC_Miss"
code-creation,Builtin,4,0x1ff16c824580,117,"KeyedLoadIC_Miss"
code-creation,Builtin,4,0x1ff16c824600,117,"KeyedLoadIC_MissForceGeneric"
code-creation,Builtin,4,0x1ff16c824680,118,"StoreIC_Miss"
code-creation,Builtin,4,0x1ff16c824700,118,"KeyedStoreIC_Miss"
code-creation,Builtin,4,0x1ff16c824780,118,"KeyedStoreIC_MissForceGeneric"
code-creation,Builtin,6,0x1ff16c824800,117,"LoadIC_Initialize"
code-creation,Builtin,6,0x1ff16c824880,117,"LoadIC_PreMonomorphic"
code-creation,Builtin,6,0x1ff16c824900,328,"LoadIC_Megamorphic"
code-creation,Builtin,6,0x1ff16c824a60,131,"LoadIC_Getter_ForDeopt"
code-creation,Builtin,7,0x1ff16c824b00,117,"KeyedLoadIC_Initialize"
code-creation,Builtin,7,0x1ff16c824b80,117,"KeyedLoadIC_PreMonomorphic"
code-creation,Stub,2,0x1ff16c824c00,972,"NameDictionaryLookupStub"
code-creation,Builtin,7,0x1ff16c824fe0,1000,"KeyedLoadIC_Generic"
code-creation,Builtin,7,0x1ff16c8253e0,707,"KeyedLoadIC_String"
code-creation,Builtin,7,0x1ff16c8256c0,182,"KeyedLoadIC_IndexedInterceptor"
code-creation,Builtin,7,0x1ff16c825780,304,"KeyedLoadIC_NonStrictArguments"
code-creation,Builtin,10,0x1ff16c8258c0,118,"StoreIC_Initialize"
code-creation,Builtin,10,0x1ff16c825940,118,"StoreIC_PreMonomorphic"
code-creation,Builtin,10,0x1ff16c8259c0,330,"StoreIC_Megamorphic"
code-creation,Builtin,10,0x1ff16c825b20,122,"StoreIC_Generic"
code-creation,Builtin,10,0x1ff16c825ba0,122,"StoreIC_Generic_Strict"
code-creation,Builtin,10,0x1ff16c825c20,122,"StoreIC_GlobalProxy"
code-creation,Builtin,10,0x1ff16c825ca0,118,"StoreIC_Initialize_Strict"
code-creation,Builtin,10,0x1ff16c825d20,118,"StoreIC_PreMonomorphic_Strict"
code-creation,Builtin,10,0x1ff16c825da0,330,"StoreIC_Megamorphic_Strict"
code-creation,Builtin,10,0x1ff16c825f00,122,"StoreIC_GlobalProxy_Strict"
code-creation,Builtin,10,0x1ff16c825f80,133,"StoreIC_Setter_ForDeopt"
code-creation,Builtin,11,0x1ff16c826020,118,"KeyedStoreIC_Initialize"
code-creation,Builtin,11,0x1ff16c8260a0,118,"KeyedStoreIC_PreMonomorphic"
code-creation,Builtin,11,0x1ff16c826120,2560,"KeyedStoreIC_Generic"
code-creation,Builtin,11,0x1ff16c826b20,118,"KeyedStoreIC_Initialize_Strict"
code-creation,Builtin,11,0x1ff16c826ba0,118,"KeyedStoreIC_PreMonomorphic_Strict"
code-creation,Builtin,11,0x1ff16c826c20,2560,"KeyedStoreIC_Generic_Strict"
code-creation,Builtin,11,0x1ff16c827620,398,"KeyedStoreIC_NonStrictArguments"
code-creation,Builtin,4,0x1ff16c8277c0,480,"FunctionCall"
code-creation,Builtin,4,0x1ff16c8279a0,489,"FunctionApply"
code-creation,Stub,2,0x1ff16c827ba0,386,"InternalArrayNoArgumentConstructorStub"
code-creation,Stub,2,0x1ff16c827d40,530,"InternalArraySingleArgumentConstructorStub"
code-creation,Stub,2,0x1ff16c827f60,442,"InternalArrayNArgumentsConstructorStub"
code-creation,Stub,2,0x1ff16c828120,386,"InternalArrayNoArgumentConstructorStub"
code-creation,Stub,2,0x1ff16c8282c0,530,"InternalArraySingleArgumentConstructorStub"
code-creation,Stub,2,0x1ff16c8284e0,442,"InternalArrayNArgumentsConstructorStub"
code-creation,Stub,2,0x1ff16c8286a0,209,"InternalArrayConstructorStub"
code-creation,Builtin,4,0x1ff16c828780,116,"InternalArrayCode"
code-creation,Stub,2,0x1ff16c828800,627,"ArrayConstructorStub"
code-creation,Builtin,4,0x1ff16c828a80,126,"ArrayCode"
code-creation,Builtin,4,0x1ff16c828b00,475,"StringConstructCode"
code-creation,Builtin,4,0x1ff16c828ce0,193,"OnStackReplacement"
code-creation,Builtin,4,0x1ff16c828dc0,110,"InterruptCheck"
code-creation,Builtin,4,0x1ff16c828e40,156,"OsrAfterStackCheck"
code-creation,Builtin,4,0x1ff16c828ee0,110,"StackCheck"
code-creation,Builtin,4,0x1ff16c828f60,199,"MarkCodeAsExecutedOnce"
code-creation,Builtin,4,0x1ff16c829040,190,"MarkCodeAsExecutedTwice"
code-creation,Builtin,4,0x1ff16c829100,190,"MakeQuadragenarianCodeYoungAgainOddMarking"
code-creation,Builtin,4,0x1ff16c8291c0,190,"MakeQuadragenarianCodeYoungAgainEvenMarking"
code-creation,Builtin,4,0x1ff16c829280,190,"MakeQuinquagenarianCodeYoungAgainOddMarking"
code-creation,Builtin,4,0x1ff16c829340,190,"MakeQuinquagenarianCodeYoungAgainEvenMarking"
code-creation,Builtin,4,0x1ff16c829400,190,"MakeSexagenarianCodeYoungAgainOddMarking"
code-creation,Builtin,4,0x1ff16c8294c0,190,"MakeSexagenarianCodeYoungAgainEvenMarking"
code-creation,Builtin,4,0x1ff16c829580,190,"MakeSeptuagenarianCodeYoungAgainOddMarking"
code-creation,Builtin,4,0x1ff16c829640,190,"MakeSeptuagenarianCodeYoungAgainEvenMarking"
code-creation,Builtin,4,0x1ff16c829700,190,"MakeOctogenarianCodeYoungAgainOddMarking"
code-creation,Builtin,4,0x1ff16c8297c0,190,"MakeOctogenarianCodeYoungAgainEvenMarking"
code-creation,Builtin,3,0x1ff16c829880,117,"LoadIC_Slow"
code-creation,Builtin,3,0x1ff16c829900,117,"KeyedLoadIC_Slow"
code-creation,Builtin,3,0x1ff16c829980,118,"StoreIC_Slow"
code-creation,Builtin,3,0x1ff16c829a00,118,"StoreIC_Slow_Strict"
code-creation,Builtin,3,0x1ff16c829a80,118,"KeyedStoreIC_Slow"
code-creation,Builtin,3,0x1ff16c829b00,118,"KeyedStoreIC_Slow_Strict"
code-creation,Stub,2,0x1ff16c829b80,972,"NameDictionaryLookupStub"
code-creation,Builtin,3,0x1ff16c829f60,350,"LoadIC_Normal"
code-creation,Stub,2,0x1ff16c82a0c0,991,"NameDictionaryLookupStub"
code-creation,Builtin,3,0x1ff16c82a4a0,421,"StoreIC_Normal"
code-creation,Builtin,3,0x1ff16c82a660,421,"StoreIC_Normal_Strict"
code-creation,Builtin,4,0x1ff16c82a820,180,"Return_DebugBreak"
code-creation,Builtin,4,0x1ff16c82a8e0,176,"CallFunctionStub_DebugBreak"
code-creation,Builtin,4,0x1ff16c82a9a0,178,"CallFunctionStub_Recording_DebugBreak"
code-creation,Builtin,4,0x1ff16c82aa60,212,"CallConstructStub_DebugBreak"
code-creation,Builtin,4,0x1ff16c82ab40,214,"CallConstructStub_Recording_DebugBreak"
code-creation,Builtin,6,0x1ff16c82ac20,178,"LoadIC_DebugBreak"
code-creation,Builtin,7,0x1ff16c82ace0,178,"KeyedLoadIC_DebugBreak"
code-creation,Builtin,10,0x1ff16c82ada0,180,"StoreIC_DebugBreak"
code-creation,Builtin,11,0x1ff16c82ae60,180,"KeyedStoreIC_DebugBreak"
code-creation,Builtin,14,0x1ff16c82af20,176,"CompareNilIC_DebugBreak"
code-creation,Builtin,4,0x1ff16c82afe0,178,"Slot_DebugBreak"
code-creation,Builtin,4,0x1ff16c82b0a0,97,"PlainReturn_LiveEdit"
code-creation,Builtin,4,0x1ff16c82b120,137,"FrameDropper_LiveEdit"
code-creation,Stub,2,0x1ff16c82b1c0,397,"CallConstructStub_Recording"
code-creation,Script,0,0x1ff16c82b360,844,"native runtime.js",0x264a77512488,~
code-creation,Stub,14,0x1ff16c82b6c0,145,"CompareNilICStub(NullValue)(None)"
code-creation,CallInitialize,8,0x1ff16c82b760,238,"args_count: 1"
code-creation,CallInitialize,8,0x1ff16c82b860,238,"args_count: 2"
code-creation,LazyCompile,0,0x1ff16c82b960,2576,"EQUALS native runtime.js:54:16",0x264a77510760,~
code-creation,LazyCompile,0,0x1ff16c82c380,516,"STRICT_EQUALS native runtime.js:108:23",0x264a775107f0,~
code-creation,Stub,2,0x1ff16c82c5a0,273,"StringCompareStub"
code-creation,Stub,13,0x1ff16c82c6c0,167,"CompareICStub"
code-creation,LazyCompile,0,0x1ff16c82c780,1300,"COMPARE native runtime.js:128:17",0x264a77510880,~
code-creation,Stub,2,0x1ff16c82cca0,1632,"StringAddStub"
code-creation,LazyCompile,0,0x1ff16c82d300,800,"ADD native runtime.js:171:13",0x264a77510910,~
code-creation,LazyCompile,0,0x1ff16c82d620,392,"SUB native runtime.js:222:13",0x264a77510ac0,~
code-creation,LazyCompile,0,0x1ff16c82d7c0,392,"MUL native runtime.js:230:13",0x264a77510b50,~
code-creation,LazyCompile,0,0x1ff16c82d960,392,"DIV native runtime.js:238:13",0x264a77510be0,~
code-creation,LazyCompile,0,0x1ff16c82db00,392,"MOD native runtime.js:246:13",0x264a77510c70,~
code-creation,LazyCompile,0,0x1ff16c82dca0,392,"BIT_OR native runtime.js:260:16",0x264a77510d00,~
code-creation,LazyCompile,0,0x1ff16c82de40,552,"BIT_AND native runtime.js:268:17",0x264a77510d90,~
code-creation,LazyCompile,0,0x1ff16c82e080,392,"BIT_XOR native runtime.js:290:17",0x264a77510e20,~
code-creation,LazyCompile,0,0x1ff16c82e220,392,"SHL native runtime.js:298:13",0x264a77510eb0,~
code-creation,LazyCompile,0,0x1ff16c82e3c0,552,"SAR native runtime.js:306:13",0x264a77510f40,~
code-creation,LazyCompile,0,0x1ff16c82e600,392,"SHR native runtime.js:328:13",0x264a77510fd0,~
code-creation,LazyCompile,0,0x1ff16c82e7a0,284,"DELETE native runtime.js:342:16",0x264a77511060,~
code-creation,Stub,2,0x1ff16c82e8c0,1066,"FastCloneShallowArrayStub"
code-creation,Stub,2,0x1ff16c82ed00,347,"StoreArrayLiteralElementStub"
code-creation,LazyCompile,0,0x1ff16c82ee60,480,"IN native runtime.js:348:12",0x264a775110f0,~
code-creation,Stub,13,0x1ff16c82f040,167,"CompareICStub"
code-creation,Stub,2,0x1ff16c82f100,1042,"FastCloneShallowArrayStub"
code-creation,Stub,15,0x1ff16c82f520,145,"ToBooleanStub(None)"
code-creation,LazyCompile,0,0x1ff16c82f5c0,804,"INSTANCE_OF native runtime.js:361:21",0x264a77511180,~
code-creation,LazyCompile,0,0x1ff16c82f900,288,"FILTER_KEY native runtime.js:392:20",0x264a77511210,~
code-creation,Stub,2,0x1ff16c82fa20,502,"ArgumentsAccessStub_NewNonStrictFast"
code-creation,LazyCompile,0,0x1ff16c82fc20,476,"CALL_NON_FUNCTION native runtime.js:399:27",0x264a775112a0,~
code-creation,LazyCompile,0,0x1ff16c82fe00,476,"CALL_NON_FUNCTION_AS_CONSTRUCTOR native runtime.js:408:42",0x264a77511330,~
code-creation,Stub,2,0x1ff16c82ffe0,197,"ArgumentsAccessStub_ReadElement"
code-creation,LazyCompile,0,0x1ff16c8300c0,348,"CALL_FUNCTION_PROXY native runtime.js:417:29",0x264a775113c0,~
code-creation,LazyCompile,0,0x1ff16c830220,320,"CALL_FUNCTION_PROXY_AS_CONSTRUCTOR native runtime.js:425:44",0x264a77511450,~
code-creation,LazyCompile,0,0x1ff16c830360,232,"TO_OBJECT native runtime.js:476:19",0x264a77511600,~
code-creation,LazyCompile,0,0x1ff16c830460,232,"TO_NUMBER native runtime.js:482:19",0x264a77511690,~
code-creation,LazyCompile,0,0x1ff16c830560,232,"TO_STRING native runtime.js:488:19",0x264a77511720,~
code-creation,Stub,2,0x1ff16c830660,487,"NumberToStringStub"
code-creation,LazyCompile,0,0x1ff16c830860,764,"STRING_ADD_LEFT native runtime.js:191:25",0x264a775109a0,~
code-creation,LazyCompile,0,0x1ff16c830b60,776,"STRING_ADD_RIGHT native runtime.js:206:26",0x264a77510a30,~
code-creation,Stub,13,0x1ff16c830e80,167,"CompareICStub"
code-creation,Stub,13,0x1ff16c830f40,167,"CompareICStub"
code-creation,Stub,13,0x1ff16c831000,167,"CompareICStub"
code-creation,Stub,2,0x1ff16c8310c0,986,"FastCloneShallowArrayStub"
code-creation,LazyCompile,0,0x1ff16c8314a0,1284,"APPLY_PREPARE native runtime.js:432:23",0x264a775114e0,~
code-creation,LazyCompile,0,0x1ff16c8319c0,284,"APPLY_OVERFLOW native runtime.js:470:24",0x264a77511570,~
code-creation,CallInitialize,8,0x1ff16c831ae0,237,"args_count: 0"
code-creation,CallInitialize,8,0x1ff16c831be0,240,"args_count: 12"
code-creation,CallInitialize,8,0x1ff16c831ce0,249,"args_count: 38"
code-creation,CallInitialize,8,0x1ff16c831de0,240,"args_count: 3"
code-creation,Script,0,0x1ff16c831ee0,1804,"native v8natives.js",0x264a77518e58,~
code-creation,CallPreMonomorphic,8,0x1ff16c832600,237,"args_count: 0"
code-creation,CallInitialize,8,0x1ff16c832700,240,"args_count: 10"
code-creation,LazyCompile,0,0x1ff16c832800,664,"SetUpGlobal native v8natives.js:196:21",0x264a775154f0,~
code-creation,CallPreMonomorphic,8,0x1ff16c832aa0,240,"args_count: 10"
code-creation,CallPreMonomorphic,8,0x1ff16c832ba0,240,"args_count: 3"
code-creation,LazyCompile,0,0x1ff16c832ca0,712,"InstallFunctions native v8natives.js:45:26",0x264a77514fe0,~
code-creation,Stub,13,0x1ff16c832f80,189,"CompareICStub"
code-creation,Stub,12,0x1ff16c833040,196,"BinaryOpStub_SAR(Smi*Smi->Smi)"
code-creation,Stub,13,0x1ff16c833120,189,"CompareICStub"
code-creation,Stub,2,0x1ff16c8331e0,240,"KeyedLoadElementStub"
code-creation,KeyedLoadIC,7,0x1ff16c8332e0,130,""
code-creation,Stub,12,0x1ff16c833380,204,"BinaryOpStub_ADD(Smi*Smi->Smi)"
code-creation,Stub,3,0x1ff16c833460,112,"LoadFieldStub"
code-creation,Stub,3,0x1ff16c8334e0,116,"length"
code-creation,LoadIC,6,0x1ff16c833560,132,"length"
code-creation,CallPreMonomorphic,8,0x1ff16c833600,240,"args_count: 12"
code-creation,CallPreMonomorphic,8,0x1ff16c833700,249,"args_count: 38"
code-creation,Stub,12,0x1ff16c833800,146,"BinaryOpStub_ADD_ReuseLeft(None*None->None)"
code-creation,Stub,2,0x1ff16c8338a0,254,"ToNumberStub"
code-creation,LazyCompile,0,0x1ff16c8339a0,1052,"SetUpLockedPrototype native v8natives.js:86:30",0x264a77515190,~
code-creation,Stub,15,0x1ff16c833dc0,188,"ToBooleanStub(SpecObject)"
code-creation,Stub,12,0x1ff16c833e80,204,"BinaryOpStub_ADD_ReuseLeft(Smi*Smi->Smi)"
code-creation,CallInitialize,8,0x1ff16c833f60,249,"args_count: 20"
code-creation,CallInitialize,8,0x1ff16c834060,240,"args_count: 4"
code-creation,CallInitialize,8,0x1ff16c834160,249,"args_count: 28"
code-creation,LazyCompile,0,0x1ff16c834260,1580,"SetUpObject native v8natives.js:1386:21",0x264a77517230,~
code-creation,CallInitialize,8,0x1ff16c8348a0,240,"args_count: 1"
code-creation,Stub,2,0x1ff16c8349a0,478,"FastCloneShallowObjectStub"
code-creation,LazyCompile,0,0x1ff16c834b80,432,"ObjectConstructor native v8natives.js:1372:27",0x264a775171a0,~
code-creation,LazyCompile,0,0x1ff16c834b80,432,"ObjectConstructor native v8natives.js:1372:27",0x264a775171a0,~
code-creation,CallPreMonomorphic,8,0x1ff16c834d40,249,"args_count: 20"
code-creation,CallPreMonomorphic,8,0x1ff16c834e40,240,"args_count: 4"
code-creation,LazyCompile,0,0x1ff16c834f40,380,"InstallGetterSetter native v8natives.js:71:29",0x264a77515100,~
code-creation,CallPreMonomorphic,8,0x1ff16c8350c0,249,"args_count: 28"
code-creation,LazyCompile,0,0x1ff16c8351c0,616,"SetUpBoolean native v8natives.js:1473:22",0x264a77517470,~
code-creation,LazyCompile,0,0x1ff16c835440,396,"BooleanConstructor native v8natives.js:1438:28",0x264a775172c0,~
code-creation,LazyCompile,0,0x1ff16c835440,396,"BooleanConstructor native v8natives.js:1438:28",0x264a775172c0,~
code-creation,CallPreMonomorphic,8,0x1ff16c8355e0,240,"args_count: 1"
code-creation,LazyCompile,0,0x1ff16c8356e0,604,"ToBoolean native runtime.js:512:19",0x264a77511840,~
code-creation,LazyCompile,0,0x1ff16c835940,1404,"SetUpNumber native v8natives.js:1636:21",0x264a77517a10,~
code-creation,LazyCompile,0,0x1ff16c835ec0,456,"NumberConstructor native v8natives.js:1492:27",0x264a77517500,~
code-creation,LazyCompile,0,0x1ff16c835ec0,456,"NumberConstructor native v8natives.js:1492:27",0x264a77517500,~
code-creation,Stub,13,0x1ff16c8360a0,181,"CompareICStub"
code-creation,LazyCompile,0,0x1ff16c836160,708,"ToNumber native runtime.js:522:18",0x264a775118d0,~
code-creation,LazyCompile,0,0x1ff16c836440,516,"SetUpFunction native v8natives.js:1827:23",0x264a77517d70,~
code-creation,Stub,2,0x1ff16c836660,215,"FastNewContextStub"
code-creation,Stub,2,0x1ff16c836740,1751,"RecordWriteStub"
code-creation,CallInitialize,8,0x1ff16c836e20,240,"args_count: 2"
code-creation,LazyCompile,0,0x1ff16c836f20,536,"FunctionConstructor native v8natives.js:1814:29",0x264a77517ce0,~
code-creation,LazyCompile,0,0x1ff16c836f20,536,"FunctionConstructor native v8natives.js:1814:29",0x264a77517ce0,~
code-creation,Script,0,0x1ff16c837140,352,"native array.js",0x264a7751df58,~
code-creation,Stub,2,0x1ff16c8372a0,2631,"RecordWriteStub"
code-creation,Stub,2,0x1ff16c837d00,654,"FastNewClosureStub"
code-creation,Stub,2,0x1ff16c837fa0,459,"CallFunctionStub_Args2_Recording"
code-creation,Stub,2,0x1ff16c838180,459,"CallFunctionStub_Args3_Recording"
code-creation,CallInitialize,8,0x1ff16c838360,249,"args_count: 42"
code-creation,CallInitialize,8,0x1ff16c838460,240,"args_count: 6"
code-creation,LazyCompile,0,0x1ff16c838560,3364,"SetUpArray native array.js:1587:20",0x264a7751db90,~
code-creation,CallPreMonomorphic,8,0x1ff16c8392a0,240,"args_count: 2"
code-creation,LazyCompile,0,0x1ff16c8393a0,360,"SetUpArray.b native array.js:1601:15",0x264a7751f4e8,~
code-creation,CallPreMonomorphic,8,0x1ff16c839520,238,"args_count: 1"
code-creation,LazyCompile,0,0x1ff16c839620,540,"hasOwnProperty native v8natives.js:251:30",0x264a77515730,~
code-creation,Stub,15,0x1ff16c839840,176,"ToBooleanStub(Bool)"
code-creation,LazyCompile,0,0x1ff16c839900,284,"ToName native runtime.js:564:16",0x264a77511b10,~
code-creation,LazyCompile,0,0x1ff16c839a20,580,"ToString native runtime.js:547:18",0x264a775119f0,~
code-creation,CallMiss,8,0x1ff16c839c80,238,"args_count: 1"
code-creation,CallIC,8,0x1ff16c839d80,202,"hasOwnProperty"
code-creation,CallMiss,8,0x1ff16c839e60,240,"args_count: 1"
code-creation,CallIC,8,0x1ff16c839f60,200,"ToName"
code-creation,CallIC,8,0x1ff16c83a040,199,"ToString"
code-creation,Stub,3,0x1ff16c83a120,117,"push"
code-creation,KeyedLoadIC,7,0x1ff16c83a1a0,152,"push"
code-creation,Stub,3,0x1ff16c83a240,117,"concat"
code-creation,CallPreMonomorphic,8,0x1ff16c83a2c0,249,"args_count: 42"
code-creation,Stub,6,0x1ff16c83a3c0,170,"FunctionPrototypeStub"
code-creation,Stub,3,0x1ff16c83a480,116,"length"
code-creation,LoadIC,6,0x1ff16c83a500,132,"length"
code-creation,LoadPolymorphicIC,6,0x1ff16c83a5a0,151,"length"
code-creation,CallPreMonomorphic,8,0x1ff16c83a640,240,"args_count: 6"
code-creation,Stub,2,0x1ff16c83a740,470,"FastCloneShallowArrayStub"
code-creation,Script,0,0x1ff16c83a920,552,"native string.js",0x264a775220e0,~
code-creation,CallInitialize,8,0x1ff16c83ab60,249,"args_count: 70"
code-creation,LazyCompile,0,0x1ff16c83ac60,1756,"SetUpString native string.js:961:21",0x264a77521c60,~
code-creation,LazyCompile,0,0x1ff16c83b340,528,"StringConstructor native string.js:34:27",0x264a77520430,~
code-creation,LazyCompile,0,0x1ff16c83b340,528,"StringConstructor native string.js:34:27",0x264a77520430,~
code-creation,CallPreMonomorphic,8,0x1ff16c83b560,249,"args_count: 70"
code-creation,Script,0,0x1ff16c83b660,348,"native uri.js",0x264a77524570,~
code-creation,LazyCompile,0,0x1ff16c83b7c0,476,"SetUpUri native uri.js:442:18",0x264a77524328,~
code-creation,Script,0,0x1ff16c83b9a0,460,"native math.js",0x264a77525df8,~
code-creation,LazyCompile,0,0x1ff16c83bb80,196,"MathConstructor native math.js:40:25",0x264a77525020,~
code-creation,LazyCompile,0,0x1ff16c83bc60,1796,"SetUpMath native math.js:209:19",0x264a77525b60,~
code-creation,CallInitialize,8,0x1ff16c83c380,240,"args_count: 7"
code-creation,CallInitialize,8,0x1ff16c83c480,240,"args_count: 14"
code-creation,CallInitialize,8,0x1ff16c83c580,240,"args_count: 5"
code-creation,CallInitialize,8,0x1ff16c83c680,249,"args_count: 32"
code-creation,Stub,2,0x1ff16c83c780,510,"FastCloneShallowArrayStub"
code-creation,Script,0,0x1ff16c83c980,2936,"native messages.js",0x264a7752bd18,~
code-creation,LazyCompile,0,0x1ff16c83d500,276," native messages.js:298:25",0x264a7752bb88,~
code-creation,LazyCompile,0,0x1ff16c83d500,276," native messages.js:298:25",0x264a7752bb88,~
code-creation,CallPreMonomorphic,8,0x1ff16c83d620,240,"args_count: 7"
code-creation,CallPreMonomorphic,8,0x1ff16c83d720,240,"args_count: 14"
code-creation,CallPreMonomorphic,8,0x1ff16c83d820,240,"args_count: 5"
code-creation,CallPreMonomorphic,8,0x1ff16c83d920,249,"args_count: 32"
code-creation,Stub,2,0x1ff16c83da20,459,"CallFunctionStub_Args1_Recording"
code-creation,LazyCompile,0,0x1ff16c83dc00,596,"SetUpError native messages.js:1182:20",0x264a7752b478,~
code-creation,LazyCompile,0,0x1ff16c83de60,948,"SetUpError.a native messages.js:1185:15",0x264a7752f3c0,~
code-creation,Stub,2,0x1ff16c83e220,1593,"StringAddStub"
code-creation,Stub,12,0x1ff16c83e860,223,"BinaryOpStub_ADD(String*String->String)"
code-creation,Stub,13,0x1ff16c83e940,208,"CompareICStub"
code-creation,LazyCompile,0,0x1ff16c83ea20,196,"d native messages.js:1201:15",0x264a7752f918,~
code-creation,LazyCompile,0,0x1ff16c83eb00,496," native messages.js:1211:20",0x264a7752f9a8,~
code-creation,LazyCompile,0,0x1ff16c83eb00,496," native messages.js:1211:20",0x264a7752f9a8,~
code-creation,LoadIC,6,0x1ff16c83ed00,132,"name"
code-creation,LoadIC,6,0x1ff16c83eda0,162,"global"
code-creation,LoadIC,6,0x1ff16c83ee60,162,"builtins"
code-creation,Stub,2,0x1ff16c83ef20,229,"FastNewContextStub"
code-creation,LazyCompile,0,0x1ff16c83f020,784,"captureStackTrace native messages.js:1142:27",0x264a7752b3e8,~
code-creation,Stub,15,0x1ff16c83f340,164,"ToBooleanStub(Undefined)"
code-creation,LazyCompile,0,0x1ff16c83eb00,496," native messages.js:1211:20",0x264a7752f9a8,~
code-creation,LoadIC,6,0x1ff16c83f400,162,"$Error"
code-creation,CallMiss,8,0x1ff16c83f4c0,240,"args_count: 2"
code-creation,CallIC,8,0x1ff16c83f5c0,200,"captureStackTrace"
code-creation,Stub,3,0x1ff16c83f6a0,181,""
code-creation,LoadIC,6,0x1ff16c83f760,132,"stackTraceLimit"
code-creation,LazyCompile,0,0x1ff16c83eb00,496," native messages.js:1211:20",0x264a7752f9a8,~
code-creation,LazyCompile,0,0x1ff16c83eb00,496," native messages.js:1211:20",0x264a7752f9a8,~
code-creation,LazyCompile,0,0x1ff16c83eb00,496," native messages.js:1211:20",0x264a7752f9a8,~
code-creation,LazyCompile,0,0x1ff16c83eb00,496," native messages.js:1211:20",0x264a7752f9a8,~
code-creation,LazyCompile,0,0x1ff16c83eb00,496," native messages.js:1211:20",0x264a7752f9a8,~
code-creation,Stub,14,0x1ff16c83f800,172,"CompareNilICStub(NullValue)(Undefined)"
code-creation,LazyCompile,0,0x1ff16c83f8c0,524,"SetUpStackOverflowBoilerplate native messages.js:1310:39",0x264a7752b6b8,~
code-creation,LazyCompile,0,0x1ff16c83fae0,248,"MakeRangeError native messages.js:339:24",0x264a77529cd8,~
code-creation,LazyCompile,0,0x1ff16c83fbe0,340,"MakeGenericError native messages.js:286:26",0x264a77529a08,~
code-creation,LazyCompile,0,0x1ff16c83fd40,332,"FormatMessage native messages.js:305:23",0x264a77529a98,~
code-creation,Stub,12,0x1ff16c83fea0,146,"BinaryOpStub_SHR_ReuseLeft(None*None->None)"
code-creation,LazyCompile,0,0x1ff16c83ff40,1872,"FormatString native messages.js:187:22",0x264a77529738,
code-creation,Stub,3,0x1ff16c8406a0,181,""
code-creation,LoadPolymorphicIC,6,0x1ff16c840760,151,"stackTraceLimit"
code-creation,Stub,12,0x1ff16c840800,223,"BinaryOpStub_ADD_ReuseLeft(String*String->String)"
code-creation,Script,0,0x1ff16c8408e0,368,"native apinatives.js",0x264a77530918,~
code-creation,Script,0,0x1ff16c840a60,824,"native date.js",0x264a775338e8,~
code-creation,CallInitialize,8,0x1ff16c840da0,249,"args_count: 92"
code-creation,LazyCompile,0,0x1ff16c840ea0,2196,"SetUpDate native date.js:761:19",0x264a77533320,~
code-creation,CallInitialize,8,0x1ff16c841740,235,"args_count: 0"
code-creation,Stub,13,0x1ff16c841840,167,"CompareICStub"
code-creation,LazyCompile,0,0x1ff16c841900,2076,"DateConstructor native date.js:141:25",0x264a775311f0,~
code-creation,LazyCompile,0,0x1ff16c841900,2076,"DateConstructor native date.js:141:25",0x264a775311f0,~
code-creation,CallPreMonomorphic,8,0x1ff16c842120,249,"args_count: 92"
code-creation,Script,0,0x1ff16c842220,344,"native json.js",0x264a77535f90,~
code-creation,LazyCompile,0,0x1ff16c842380,348,"SetUpJSON native json.js:219:19",0x264a77535d78,~
code-creation,Script,0,0x1ff16c8424e0,564,"native regexp.js",0x264a77537150,~
code-creation,CallInitialize,8,0x1ff16c842720,240,"args_count: 8"
code-creation,LazyCompile,0,0x1ff16c842820,2320,"SetUpRegExp native regexp.js:400:21",0x264a77536ee8,~
code-creation,LazyCompile,0,0x1ff16c843140,452,"RegExpConstructor native regexp.js:90:27",0x264a77536708,~
code-creation,LazyCompile,0,0x1ff16c843140,452,"RegExpConstructor native regexp.js:90:27",0x264a77536708,~
code-creation,CallPreMonomorphic,8,0x1ff16c843320,240,"args_count: 8"
code-creation,CallPreMonomorphic,8,0x1ff16c843420,238,"args_count: 2"
code-creation,LazyCompile,0,0x1ff16c843520,808,"ToPrimitive native runtime.js:500:21",0x264a775117b0,~
code-creation,Stub,2,0x1ff16c843860,182,"DoubleToIStub"
code-creation,Stub,12,0x1ff16c843920,414,"BinaryOpStub_ADD(String*Smi->String)"
code-creation,LazyCompile,0,0x1ff16c843ac0,280,"RegExpMakeCaptureGetter native regexp.js:360:33",0x264a77536e58,~
code-creation,LoadIC,6,0x1ff16c843be0,162,"$RegExp"
code-creation,CallIC,8,0x1ff16c843ca0,200,"RegExpMakeCaptureGetter"
code-creation,Script,0,0x1ff16c843d80,348,"native arraybuffer.js",0x264a77538748,~
code-creation,LazyCompile,0,0x1ff16c843ee0,760,"SetUpArrayBuffer native arraybuffer.js:88:26",0x264a775385f0,~
code-creation,LazyCompile,0,0x1ff16c8441e0,412,"ArrayBufferConstructor native arraybuffer.js:34:32",0x264a775383b0,~
code-creation,LazyCompile,0,0x1ff16c8441e0,412,"ArrayBufferConstructor native arraybuffer.js:34:32",0x264a775383b0,~
code-creation,LazyCompile,0,0x1ff16c844380,316,"InstallGetter native v8natives.js:62:23",0x264a77515070,~
code-creation,Script,0,0x1ff16c8444c0,1160,"native typedarray.js",0x264a7753a408,~
code-creation,LazyCompile,0,0x1ff16c844960,964,"SetupTypedArray native typedarray.js:253:25",0x264a77539490,~
code-creation,Stub,2,0x1ff16c844d40,241,"FastNewContextStub"
code-creation,Stub,2,0x1ff16c844e40,654,"FastNewClosureStub"
code-creation,Stub,2,0x1ff16c8450e0,1793,"RecordWriteStub"
code-creation,LazyCompile,0,0x1ff16c845800,584,"CreateTypedArrayConstructor native typedarray.js:38:37",0x264a77538f80,~
code-creation,Stub,2,0x1ff16c845a60,459,"CallFunctionStub_Args4_Recording"
code-creation,LazyCompile,0,0x1ff16c845c40,860," native typedarray.js:92:16",0x264a7753b700,~
code-creation,LazyCompile,0,0x1ff16c845c40,860," native typedarray.js:92:16",0x264a7753b700,~
code-creation,Stub,2,0x1ff16c845fa0,225,"FastNewContextStub"
code-creation,LazyCompile,0,0x1ff16c8460a0,332,"CreateSubArray native typedarray.js:124:24",0x264a77539250,~
code-creation,CallMiss,8,0x1ff16c846200,240,"args_count: 4"
code-creation,CallIC,8,0x1ff16c846300,200,"CreateTypedArrayConstructor"
code-creation,LazyCompile,0,0x1ff16c845c40,860," native typedarray.js:92:16",0x264a7753b700,~
code-creation,LoadIC,6,0x1ff16c8463e0,162,"$Object"
code-creation,LoadIC,6,0x1ff16c8464a0,162,"TypedArrayGetBuffer"
code-creation,CallMiss,8,0x1ff16c846560,240,"args_count: 3"
code-creation,CallIC,8,0x1ff16c846660,200,"InstallGetter"
code-creation,LoadIC,6,0x1ff16c846740,162,"TypedArrayGetByteOffset"
code-creation,LoadIC,6,0x1ff16c846800,162,"TypedArrayGetByteLength"
code-creation,LoadIC,6,0x1ff16c8468c0,162,"TypedArrayGetLength"
code-creation,CallIC,8,0x1ff16c846980,200,"CreateSubArray"
code-creation,LoadIC,6,0x1ff16c846a60,162,"TypedArraySet"
code-creation,CallIC,8,0x1ff16c846b20,210,"$Array"
code-creation,CallIC,8,0x1ff16c846c00,200,"InstallFunctions"
code-creation,LazyCompile,0,0x1ff16c845c40,860," native typedarray.js:92:16",0x264a7753b700,~
code-creation,LazyCompile,0,0x1ff16c845c40,860," native typedarray.js:92:16",0x264a7753b700,~
code-creation,LazyCompile,0,0x1ff16c845c40,860," native typedarray.js:92:16",0x264a7753b700,~
code-creation,LazyCompile,0,0x1ff16c845c40,860," native typedarray.js:92:16",0x264a7753b700,~
code-creation,LazyCompile,0,0x1ff16c845c40,860," native typedarray.js:92:16",0x264a7753b700,~
code-creation,LazyCompile,0,0x1ff16c845c40,860," native typedarray.js:92:16",0x264a7753b700,~
code-creation,LazyCompile,0,0x1ff16c845c40,860," native typedarray.js:92:16",0x264a7753b700,~
code-creation,LazyCompile,0,0x1ff16c846ce0,1312,"SetupDataView native typedarray.js:559:23",0x264a7753a0f0,~
code-creation,LazyCompile,0,0x1ff16c847200,1112,"DataViewConstructor native typedarray.js:294:29",0x264a77539520,~
code-creation,LazyCompile,0,0x1ff16c847200,1112,"DataViewConstructor native typedarray.js:294:29",0x264a77539520,~
code-creation,LazyCompile,0,0x1ff16c847660,680,"Instantiate native apinatives.js:44:21",0x264a77530680,~
code-creation,Stub,13,0x1ff16c847920,181,"CompareICStub"
code-creation,LazyCompile,0,0x1ff16c8479e0,1356,"InstantiateFunction native apinatives.js:65:29",0x264a77530710,
code-creation,Stub,15,0x1ff16c847f40,172,"ToBooleanStub(Smi)"
code-creation,Stub,2,0x1ff16c848000,2648,"RecordWriteStub"
code-creation,Stub,2,0x1ff16c848a60,2652,"RecordWriteStub"
code-creation,Stub,2,0x1ff16c8494c0,188,"DoubleToIStub"
code-creation,Stub,2,0x1ff16c849580,1266,"KeyedStoreElementStub"
code-creation,KeyedStoreIC,11,0x1ff16c849a80,130,""
code-creation,Stub,12,0x1ff16c849b20,146,"BinaryOpStub_ADD_ReuseRight(None*None->None)"
code-creation,LazyCompile,0,0x1ff16c849bc0,1480,"ConfigureTemplateInstance native apinatives.js:110:35",0x264a775307a0,
code-creation,Stub,2,0x1ff16c84a1a0,268,"KeyedLoadElementStub"
code-creation,KeyedLoadIC,7,0x1ff16c84a2c0,130,""
code-creation,CallIC,8,0x1ff16c84a360,200,"InstantiateFunction"
code-creation,LoadIC,6,0x1ff16c84a440,162,"kApiFunctionCache"
code-creation,StoreIC,10,0x1ff16c84a500,133,"prototype"
code-creation,CallIC,8,0x1ff16c84a5a0,200,"ConfigureTemplateInstance"
code-creation,Stub,2,0x1ff16c84a680,253,"FastNewContextStub"
code-creation,Stub,2,0x1ff16c84a780,453,"CallFunctionStub_Args0_Recording"
code-creation,Function,0,0x1ff16c84a960,2488," node.js:27:10",0x264a775408a0,~
code-creation,Script,0,0x1ff16c84b320,244,"node.js",0x264a77540988,~
code-creation,Stub,15,0x1ff16c84b420,200,"ToBooleanStub(Undefined,SpecObject)"
code-creation,Stub,2,0x1ff16c84b500,268,"KeyedLoadElementStub"
code-creation,KeyedLoadIC,7,0x1ff16c84b620,130,""
code-creation,CallIC,8,0x1ff16c84b6c0,200,"Instantiate"
code-creation,Stub,2,0x1ff16c84b7a0,494,"FastCloneShallowObjectStub"
code-creation,LazyCompile,0,0x1ff16c84b9a0,2776,"startup node.js:31:19",0x264a7753f868,~
code-creation,LazyCompile,0,0x1ff16c84c480,624,"NativeModule.require node.js:1069:34",0x264a775403a8,~
code-creation,LazyCompile,0,0x1ff16c84c700,220,"NativeModule.getCached node.js:1093:36",0x264a77540438,~
code-creation,LazyCompile,0,0x1ff16c84c7e0,232,"NativeModule.exists node.js:1097:33",0x264a775404c8,~
code-creation,LazyCompile,0,0x1ff16c84c8e0,320,"NativeModule node.js:1059:24",0x264a7753faa8,~
code-creation,CallPreMonomorphic,8,0x1ff16c84ca20,235,"args_count: 0"
code-creation,LazyCompile,0,0x1ff16c84cb20,236,"NativeModule.cache node.js:1124:42",0x264a77540708,~
code-creation,LazyCompile,0,0x1ff16c84cc20,532,"NativeModule.compile node.js:1114:44",0x264a77540678,~
code-creation,LazyCompile,0,0x1ff16c84ce40,220,"NativeModule.getSource node.js:1101:36",0x264a77540558,~
code-creation,LazyCompile,0,0x1ff16c84cf20,272,"NativeModule.wrap node.js:1105:31",0x264a775405e8,~
code-creation,LazyCompile,0,0x1ff16c84d040,256,"runInThisContext node.js:1054:28",0x264a7753fa18,~
code-creation,Stub,2,0x1ff16c84d140,230,"FastNewContextStub"
code-creation,Function,0,0x1ff16c84d240,1504," events.js:1:11",0x264a77580d38,~
code-creation,Script,0,0x1ff16c84d820,244,"events.js",0x264a77580e20,~
code-creation,CallIC,8,0x1ff16c84d920,172,"getCached"
code-creation,Stub,3,0x1ff16c84d9e0,116,"LoadFieldStub"
code-creation,LoadIC,6,0x1ff16c84da60,132,"_cache"
code-creation,KeyedLoadIC,7,0x1ff16c84db00,152,"util"
code-creation,CallIC,8,0x1ff16c84dba0,172,"exists"
code-creation,Stub,3,0x1ff16c84dc60,116,"LoadFieldStub"
code-creation,LoadIC,6,0x1ff16c84dce0,132,"_source"
code-creation,Stub,2,0x1ff16c84dd80,1258,"NameDictionaryLookupStub"
code-creation,CallIC,8,0x1ff16c84e280,598,"hasOwnProperty"
code-creation,Stub,3,0x1ff16c84e4e0,116,"LoadFieldStub"
code-creation,LoadIC,6,0x1ff16c84e560,132,"moduleLoadList"
code-creation,Stub,2,0x1ff16c84e600,1744,"RecordWriteStub"
code-creation,Stub,2,0x1ff16c84ece0,772,"RecordWriteStub"
code-creation,CallIC,8,0x1ff16c84f000,833,"push"
code-creation,Stub,3,0x1ff16c84f360,321,"filename"
code-creation,StoreIC,10,0x1ff16c84f4c0,133,"filename"
code-creation,Stub,3,0x1ff16c84f560,321,"id"
code-creation,StoreIC,10,0x1ff16c84f6c0,133,"id"
code-creation,Stub,3,0x1ff16c84f760,321,"exports"
code-creation,StoreIC,10,0x1ff16c84f8c0,133,"exports"
code-creation,Stub,3,0x1ff16c84f960,321,"loaded"
code-creation,StoreIC,10,0x1ff16c84fac0,133,"loaded"
code-creation,CallMiss,8,0x1ff16c84fb60,235,"args_count: 0"
code-creation,CallIC,8,0x1ff16c84fc60,200,"cache"
code-creation,Stub,3,0x1ff16c84fd40,112,"LoadFieldStub"
code-creation,LoadIC,6,0x1ff16c84fdc0,132,"id"
code-creation,CallIC,8,0x1ff16c84fe60,200,"compile"
code-creation,CallIC,8,0x1ff16c84ff40,172,"getSource"
code-creation,KeyedLoadIC,7,0x1ff16c850000,152,"util"
code-creation,CallIC,8,0x1ff16c8500a0,172,"wrap"
code-creation,Stub,3,0x1ff16c850160,116,"LoadFieldStub"
code-creation,LoadIC,6,0x1ff16c8501e0,132,"wrapper"
code-creation,LoadIC,6,0x1ff16c850280,132,"filename"
code-creation,Stub,3,0x1ff16c850320,165,"filename"
code-creation,StoreIC,10,0x1ff16c8503e0,133,"filename"
code-creation,Stub,2,0x1ff16c850480,411,"FastNewContextStub"
code-creation,Function,0,0x1ff16c850620,4196," util.js:1:11",0x264a775831c8,~
code-creation,Script,0,0x1ff16c8516a0,244,"util.js",0x264a775832b0,~
code-creation,CallIC,8,0x1ff16c8517a0,577,"runInThisContext"
code-creation,Stub,3,0x1ff16c851a00,112,"LoadFieldStub"
code-creation,LoadIC,6,0x1ff16c851a80,132,"exports"
code-creation,Stub,3,0x1ff16c851b20,117,"require"
code-creation,LoadIC,6,0x1ff16c851ba0,132,"require"
code-creation,LazyCompile,0,0x1ff16c851c40,1972,"DoConstructRegExp native regexp.js:39:27",0x264a77536678,~
code-creation,LazyCompile,0,0x1ff16c852400,1684,"charAt native string.js:63:22",0x264a775205e0,~
code-creation,Stub,14,0x1ff16c852aa0,184,"CompareNilICStub(NullValue)(MonomorphicMap)"
code-creation,Stub,14,0x1ff16c852b60,184,"CompareNilICStub(NullValue)(MonomorphicMap)"
code-creation,Stub,13,0x1ff16c852c20,208,"CompareICStub"
code-creation,Stub,3,0x1ff16c852d00,112,"LoadFieldStub"
code-creation,LoadIC,6,0x1ff16c852d80,132,"length"
code-creation,LazyCompile,0,0x1ff16c852e20,600,"exports.deprecate util.js:65:29",0x264a775827e0,~
code-creation,LazyCompile,0,0x1ff16c853080,224,"isUndefined util.js:481:21",0x264a77582090,~
code-creation,LoadIC,6,0x1ff16c853160,172,"global"
code-creation,Stub,3,0x1ff16c853220,311,"process"
code-creation,LoadIC,6,0x1ff16c853360,132,"process"
code-creation,Stub,3,0x1ff16c853400,165,"loaded"
code-creation,StoreIC,10,0x1ff16c8534c0,133,"loaded"
code-creation,LazyCompile,0,0x1ff16c853560,524,"create native v8natives.js:1115:22",0x264a77516930,~
code-creation,LazyCompile,0,0x1ff16c853780,956,"defineProperties native v8natives.js:1178:32",0x264a77516ae0,~
code-creation,LazyCompile,0,0x1ff16c853b40,760,"ToObject native runtime.js:570:18",0x264a77511ba0,~
code-creation,Stub,14,0x1ff16c853e40,184,"CompareNilICStub(NullValue)(MonomorphicMap)"
code-creation,LazyCompile,0,0x1ff16c853f00,824,"GetOwnEnumerablePropertyNames native v8natives.js:1166:39",0x264a77516a50,~
code-creation,LazyCompile,0,0x1ff16c854240,1784,"ToPropertyDescriptor native v8natives.js:429:30",0x264a77515f10,~
code-creation,LazyCompile,0,0x1ff16c854940,528,"PropertyDescriptor native v8natives.js:491:28",0x264a77516030,~
code-creation,CallIC,8,0x1ff16c854b60,199,"ToName"
code-creation,LazyCompile,0,0x1ff16c854c40,248,"$Array.enumerable_ native v8natives.js:525:20",0x264a775183e0,~
code-creation,LazyCompile,0,0x1ff16c854d40,276,"IsInconsistentDescriptor native v8natives.js:375:34",0x264a77515d60,~
code-creation,LazyCompile,0,0x1ff16c854e60,340,"IsAccessorDescriptor native v8natives.js:355:30",0x264a77515bb0,~
code-creation,LazyCompile,0,0x1ff16c854fc0,220,"$Array.set_ native v8natives.js:572:21",0x264a77518bc0,~
code-creation,LazyCompile,0,0x1ff16c8550a0,220," native v8natives.js:582:21",0x264a77518d70,~
code-creation,Stub,3,0x1ff16c855180,116,"length"
code-creation,LoadIC,6,0x1ff16c855200,132,"length"
code-creation,LazyCompile,0,0x1ff16c8552a0,496,"DefineOwnProperty native v8natives.js:981:27",0x264a77516660,~
code-creation,LazyCompile,0,0x1ff16c8554a0,4680,"DefineObjectProperty native v8natives.js:711:30",0x264a77516540,~
code-creation,Stub,14,0x1ff16c856700,176,"CompareNilICStub(NullValue)(Generic)"
code-creation,Stub,13,0x1ff16c8567c0,642,"CompareICStub"
code-creation,LazyCompile,0,0x1ff16c856a60,648,"ConvertDescriptorArrayToDescriptor native v8natives.js:590:44",0x264a775160c0,~
code-creation,LazyCompile,0,0x1ff16c856d00,220,"$Array.writable_ native v8natives.js:542:25",0x264a775186b0,~
code-creation,Stub,12,0x1ff16c856de0,184,"BinaryOpStub_BIT_OR(Smi*Smi->Smi)"
code-creation,LazyCompile,0,0x1ff16c856ea0,220,"$Array.get_ native v8natives.js:559:27",0x264a77518980,~
code-creation,LazyCompile,0,0x1ff16c856f80,340,"IsDataDescriptor native v8natives.js:362:26",0x264a77515c40,~
code-creation,LazyCompile,0,0x1ff16c8570e0,220,"$Array.enumerable_ native v8natives.js:532:20",0x264a77518500,~
code-creation,LazyCompile,0,0x1ff16c8571c0,220,"$Array.configurable_ native v8natives.js:552:23",0x264a77518860,~
code-creation,LoadIC,6,0x1ff16c8572a0,132,"hasValue_"
code-creation,LazyCompile,0,0x1ff16c857340,220,"$Array.enumerable_ native v8natives.js:529:20",0x264a77518470,~
code-creation,LazyCompile,0,0x1ff16c857420,228,"__proto__ native v8natives.js:1361:24",0x264a77517080,~
code-creation,LazyCompile,0,0x1ff16c857520,228,"EventEmitter events.js:25:22",0x264a775806c0,~
code-creation,Stub,2,0x1ff16c857620,364,"InstanceofStub"
code-creation,LazyCompile,0,0x1ff16c8577a0,696,"EventEmitter.init events.js:43:29",0x264a77580750,~
code-creation,LazyCompile,0,0x1ff16c857a60,248,"startup.processFatal node.js:222:34",0x264a7753fd78,~
code-creation,LazyCompile,0,0x1ff16c857b60,544,"startup.globalVariables node.js:164:37",0x264a7753fb38,~
code-creation,LoadPolymorphicIC,6,0x1ff16c857d80,151,"moduleLoadList"
code-creation,Stub,2,0x1ff16c857e20,341,"FastNewContextStub"
code-creation,Function,0,0x1ff16c857f80,4580," buffer.js:1:11",0x264a775869c8,~
code-creation,Script,0,0x1ff16c859180,244,"buffer.js",0x264a77586ab0,~
code-creation,LazyCompile,0,0x1ff16c859280,456,"createPool buffer.js:39:20",0x264a77584f78,~
code-creation,LoadIC,6,0x1ff16c859460,242,"process"
code-creation,LoadIC,6,0x1ff16c859560,172,"process"
code-creation,Stub,3,0x1ff16c859620,207,""
code-creation,LoadIC,6,0x1ff16c859700,132,"noDeprecation"
code-creation,LazyCompile,0,0x1ff16c8597a0,668,"startup.globalTimeouts node.js:174:36",0x264a7753fbc8,~
code-creation,LazyCompile,0,0x1ff16c859a40,248,"startup.globalConsole node.js:206:35",0x264a7753fc58,~
code-creation,LazyCompile,0,0x1ff16c859b40,788,"__defineGetter__ native v8natives.js:289:28",0x264a775158e0,~
code-creation,Stub,14,0x1ff16c859e60,184,"CompareNilICStub(NullValue)(MonomorphicMap)"
code-creation,Stub,3,0x1ff16c859f20,293,"value_"
code-creation,StoreIC,10,0x1ff16c85a060,133,"value_"
code-creation,Stub,3,0x1ff16c85a100,293,"hasValue_"
code-creation,StoreIC,10,0x1ff16c85a240,133,"hasValue_"
code-creation,Stub,3,0x1ff16c85a2e0,293,"writable_"
code-creation,StoreIC,10,0x1ff16c85a420,133,"writable_"
code-creation,Stub,3,0x1ff16c85a4c0,293,"hasWritable_"
code-creation,StoreIC,10,0x1ff16c85a600,133,"hasWritable_"
code-creation,Stub,3,0x1ff16c85a6a0,293,"enumerable_"
code-creation,StoreIC,10,0x1ff16c85a7e0,133,"enumerable_"
code-creation,Stub,3,0x1ff16c85a880,293,"hasEnumerable_"
code-creation,StoreIC,10,0x1ff16c85a9c0,133,"hasEnumerable_"
code-creation,Stub,3,0x1ff16c85aa60,293,"configurable_"
code-creation,StoreIC,10,0x1ff16c85aba0,133,"configurable_"
code-creation,Stub,3,0x1ff16c85ac40,293,"hasConfigurable_"
code-creation,StoreIC,10,0x1ff16c85ad80,133,"hasConfigurable_"
code-creation,Stub,3,0x1ff16c85ae20,293,"get_"
code-creation,StoreIC,10,0x1ff16c85af60,133,"get_"
code-creation,Stub,3,0x1ff16c85b000,293,"hasGetter_"
code-creation,StoreIC,10,0x1ff16c85b140,133,"hasGetter_"
code-creation,Stub,3,0x1ff16c85b1e0,293,"set_"
code-creation,StoreIC,10,0x1ff16c85b320,133,"set_"
code-creation,Stub,3,0x1ff16c85b3c0,293,"hasSetter_"
code-creation,StoreIC,10,0x1ff16c85b500,133,"hasSetter_"
code-creation,LazyCompile,0,0x1ff16c85b5a0,248,"$Array.set_ native v8natives.js:565:18",0x264a77518aa0,~
code-creation,LazyCompile,0,0x1ff16c85b6a0,248,"$Array.writable_ native v8natives.js:535:25",0x264a77518590,~
code-creation,LazyCompile,0,0x1ff16c85b7a0,248,"$Array.get_ native v8natives.js:555:27",0x264a775188f0,~
code-creation,CallIC,8,0x1ff16c85b8a0,200,"DefineObjectProperty"
code-creation,CallIC,8,0x1ff16c85b980,200,"ToObject"
code-creation,CallIC,8,0x1ff16c85ba60,200,"ConvertDescriptorArrayToDescriptor"
code-creation,CallIC,8,0x1ff16c85bb40,202,"hasEnumerable"
code-creation,Stub,3,0x1ff16c85bc20,112,"LoadFieldStub"
code-creation,LoadIC,6,0x1ff16c85bca0,132,"hasEnumerable_"
code-creation,LazyCompile,0,0x1ff16c85bd40,220,"$Array.writable_ native v8natives.js:539:24",0x264a77518620,~
code-creation,CallIC,8,0x1ff16c85be20,202,"hasConfigurable"
code-creation,Stub,3,0x1ff16c85bf00,112,"LoadFieldStub"
code-creation,LoadIC,6,0x1ff16c85bf80,132,"hasConfigurable_"
code-creation,LazyCompile,0,0x1ff16c85c020,220,"$Array.get_ native v8natives.js:562:26",0x264a77518a10,~
code-creation,CallIC,8,0x1ff16c85c100,200,"IsDataDescriptor"
code-creation,CallIC,8,0x1ff16c85c1e0,202,"hasValue"
code-creation,Stub,3,0x1ff16c85c2c0,112,"LoadFieldStub"
code-creation,LoadIC,6,0x1ff16c85c340,132,"hasWritable_"
code-creation,LazyCompile,0,0x1ff16c85c3e0,356,"IsGenericDescriptor native v8natives.js:369:29",0x264a77515cd0,~
code-creation,CallIC,8,0x1ff16c85c560,202,"hasGetter"
code-creation,Stub,3,0x1ff16c85c640,112,"LoadFieldStub"
code-creation,LoadIC,6,0x1ff16c85c6c0,132,"hasGetter_"
code-creation,LazyCompile,0,0x1ff16c85c760,220,"$Array.set_ native v8natives.js:569:18",0x264a77518b30,~
code-creation,Stub,3,0x1ff16c85c840,112,"LoadFieldStub"
code-creation,LoadIC,6,0x1ff16c85c8c0,132,"hasSetter_"
code-creation,Stub,2,0x1ff16c85c960,299,"FastNewContextStub"
code-creation,CallInitialize,8,0x1ff16c85caa0,238,"args_count: 4"
code-creation,LazyCompile,0,0x1ff16c85cba0,2120,"startup.processAsyncListener node.js:258:42",0x264a7753fe08,~
code-creation,CallPreMonomorphic,8,0x1ff16c85d400,238,"args_count: 4"
code-creation,LazyCompile,0,0x1ff16c85d500,308,"startup.processAssert node.js:591:35",0x264a7753fe98,~
code-creation,LazyCompile,0,0x1ff16c85d640,712,"startup.processConfig node.js:597:35",0x264a7753ff28,~
code-creation,LazyCompile,0,0x1ff16c85d920,1120,"split native string.js:611:21",0x264a77520dc0,~
code-creation,Stub,14,0x1ff16c85dd80,184,"CompareNilICStub(NullValue)(MonomorphicMap)"
code-creation,Stub,13,0x1ff16c85de40,289,"CompareICStub"
code-creation,LazyCompile,0,0x1ff16c85df80,1440,"join native array.js:378:19",0x264a7751cbd0,~
code-creation,Stub,14,0x1ff16c85e520,184,"CompareNilICStub(NullValue)(MonomorphicMap)"
code-creation,LazyCompile,0,0x1ff16c85e5e0,4116,"Join native array.js:118:14",0x264a7751c6c0,
code-creation,LazyCompile,0,0x1ff16c85f600,452,"UseSparseVariant native array.js:110:26",0x264a7751c630,~
code-creation,Stub,13,0x1ff16c85f7e0,189,"CompareICStub"
code-creation,Stub,2,0x1ff16c85f8a0,2636,"RecordWriteStub"
code-creation,Stub,2,0x1ff16c860300,332,"KeyedStoreElementStub"
code-creation,KeyedStoreIC,11,0x1ff16c860460,130,""
code-creation,Stub,10,0x1ff16c860500,189,"StoreArrayLengthStub"
code-creation,LazyCompile,0,0x1ff16c8605c0,328,"ToUint32 native runtime.js:590:18",0x264a77511cc0,~
code-creation,CallIC,8,0x1ff16c860720,200,"DoConstructRegExp"
code-creation,CallIC,8,0x1ff16c860800,200,"ToString"
code-creation,LoadIC,6,0x1ff16c8608e0,162,"StringCharAt"
code-creation,Stub,2,0x1ff16c8609a0,989,"SubStringStub"
code-creation,LazyCompile,0,0x1ff16c860d80,2792,"replace native string.js:212:23",0x264a775209d0,~
code-creation,Stub,14,0x1ff16c861880,184,"CompareNilICStub(NullValue)(MonomorphicMap)"
code-creation,Stub,13,0x1ff16c861940,642,"CompareICStub"
code-creation,Stub,14,0x1ff16c861be0,172,"CompareNilICStub(NullValue)(Null)"
code-creation,LazyCompile,0,0x1ff16c861ca0,584,"parse native json.js:62:19",0x264a77535aa8,~
code-creation,LazyCompile,0,0x1ff16c861f00,1516,"Revive native json.js:37:16",0x264a77535a18,~
code-creation,Stub,3,0x1ff16c862500,116,"KeyedLoadFieldStub"
code-creation,KeyedLoadIC,7,0x1ff16c862580,152,"target_defaults"
code-creation,LoadIC,6,0x1ff16c862620,162,"ObjectHasOwnProperty"
code-creation,CallIC,8,0x1ff16c8626e0,200,"Revive"
code-creation,LazyCompile,0,0x1ff16c8627c0,312," node.js:605:49",0x264a7758b510,~
code-creation,Stub,13,0x1ff16c862900,642,"CompareICStub"
code-creation,Stub,3,0x1ff16c862ba0,169,"default_configuration"
code-creation,KeyedStoreIC,11,0x1ff16c862c60,152,"default_configuration"
code-creation,LazyCompile,0,0x1ff16c862d00,516,"NonStringToString native runtime.js:555:27",0x264a77511a80,~
code-creation,Stub,2,0x1ff16c862f20,332,"KeyedStoreElementStub"
code-creation,KeyedStoreIC,11,0x1ff16c863080,130,""
code-creation,Stub,3,0x1ff16c863120,169,"defines"
code-creation,Stub,2,0x1ff16c8631e0,260,"FastNewContextStub"
code-creation,LazyCompile,0,0x1ff16c863300,1156,"startup.processNextTick node.js:612:37",0x264a7753ffb8,~
code-creation,LazyCompile,0,0x1ff16c8637a0,452,"startup.processStdio node.js:815:34",0x264a77540048,~
code-creation,LoadIC,6,0x1ff16c863980,162,"PropertyDescriptor"
code-creation,CallIC,8,0x1ff16c863a40,202,"setGet"
code-creation,Stub,3,0x1ff16c863b20,165,"get_"
code-creation,StoreIC,10,0x1ff16c863be0,133,"get_"
code-creation,Stub,3,0x1ff16c863c80,165,"hasGetter_"
code-creation,StoreIC,10,0x1ff16c863d40,133,"hasGetter_"
code-creation,CallIC,8,0x1ff16c863de0,202,"setEnumerable"
code-creation,Stub,3,0x1ff16c863ec0,165,"enumerable_"
code-creation,StoreIC,10,0x1ff16c863f80,133,"enumerable_"
code-creation,Stub,3,0x1ff16c864020,165,"hasEnumerable_"
code-creation,StoreIC,10,0x1ff16c8640e0,133,"hasEnumerable_"
code-creation,CallIC,8,0x1ff16c864180,202,"setConfigurable"
code-creation,Stub,3,0x1ff16c864260,165,"configurable_"
code-creation,StoreIC,10,0x1ff16c864320,133,"configurable_"
code-creation,Stub,3,0x1ff16c8643c0,165,"hasConfigurable_"
code-creation,StoreIC,10,0x1ff16c864480,133,"hasConfigurable_"
code-creation,CallIC,8,0x1ff16c864520,200,"DefineOwnProperty"
code-creation,CallIC,8,0x1ff16c864600,202,"isEnumerable"
code-creation,Stub,3,0x1ff16c8646e0,112,"LoadFieldStub"
code-creation,LoadIC,6,0x1ff16c864760,132,"enumerable_"
code-creation,CallIC,8,0x1ff16c864800,202,"isConfigurable"
code-creation,Stub,3,0x1ff16c8648e0,112,"LoadFieldStub"
code-creation,LoadIC,6,0x1ff16c864960,132,"configurable_"
code-creation,CallIC,8,0x1ff16c864a00,202,"hasWritable"
code-creation,CallIC,8,0x1ff16c864ae0,200,"IsGenericDescriptor"
code-creation,CallIC,8,0x1ff16c864bc0,200,"IsAccessorDescriptor"
code-creation,CallIC,8,0x1ff16c864ca0,202,"getGet"
code-creation,Stub,3,0x1ff16c864d80,112,"LoadFieldStub"
code-creation,LoadIC,6,0x1ff16c864e00,132,"get_"
code-creation,CallIC,8,0x1ff16c864ea0,202,"hasSetter"
code-creation,LazyCompile,0,0x1ff16c864f80,340,"startup.processKillAndExit node.js:910:40",0x264a775400d8,~
code-creation,LazyCompile,0,0x1ff16c8650e0,652,"startup.processSignalHandlers node.js:948:43",0x264a77540168,~
code-creation,LazyCompile,0,0x1ff16c865380,632,"startup.processChannel node.js:1001:36",0x264a775401f8,~
code-creation,LazyCompile,0,0x1ff16c865600,452,"startup.processRawDebug node.js:1024:37",0x264a77540288,~
code-creation,LazyCompile,0,0x1ff16c8657e0,620,"startup.resolveArgv0 node.js:1033:34",0x264a77540318,~
code-creation,Stub,13,0x1ff16c865a60,367,"CompareICStub"
code-creation,KeyedLoadIC,7,0x1ff16c865be0,130,""
code-creation,LazyCompile,0,0x1ff16c865c80,880,"indexOf native string.js:115:23",0x264a77520790,~
code-creation,Stub,13,0x1ff16c866000,367,"CompareICStub"
code-creation,Stub,15,0x1ff16c866180,200,"ToBooleanStub(String)"
code-creation,LoadPolymorphicIC,6,0x1ff16c866260,170,"moduleLoadList"
code-creation,Function,0,0x1ff16c866320,3004," path.js:1:11",0x264a7758dcc0,~
code-creation,Script,0,0x1ff16c866ee0,244,"path.js",0x264a7758dda8,~
code-creation,LoadPolymorphicIC,6,0x1ff16c866fe0,151,"length"
code-creation,LoadIC,6,0x1ff16c867080,172,"global"
code-creation,LoadIC,6,0x1ff16c867140,242,"process"
code-creation,LoadIC,6,0x1ff16c867240,172,"process"
code-creation,Stub,2,0x1ff16c867300,1258,"NameDictionaryLookupStub"
code-creation,Stub,3,0x1ff16c867800,625,"noDeprecation"
code-creation,LoadPolymorphicIC,6,0x1ff16c867a80,151,"noDeprecation"
code-creation,LazyCompile,0,0x1ff16c867b20,1204,"exports.resolve path.js:318:29",0x264a7758d4d0,~
code-creation,KeyedLoadIC,7,0x1ff16c867fe0,130,""
code-creation,LazyCompile,0,0x1ff16c868080,244,"isString util.js:471:18",0x264a77581f70,~
code-creation,CallIC,8,0x1ff16c868180,175,"isString"
code-creation,CallIC,8,0x1ff16c868240,783,"charAt"
code-creation,LoadIC,6,0x1ff16c868560,132,"length"
code-creation,LazyCompile,0,0x1ff16c868600,1928,"filter native array.js:1133:21",0x264a7751d5f0,~
code-creation,Stub,14,0x1ff16c868da0,184,"CompareNilICStub(NullValue)(MonomorphicMap)"
code-creation,LazyCompile,0,0x1ff16c868e60,216," path.js:340:74",0x264a7758e178,~
code-creation,LazyCompile,0,0x1ff16c868f40,932,"normalizeArray path.js:31:24",0x264a7758cfc0,~
code-creation,Stub,3,0x1ff16c869300,116,"length"
code-creation,LoadIC,6,0x1ff16c869380,132,"length"
code-creation,KeyedStoreIC,11,0x1ff16c869420,130,""
code-creation,Stub,2,0x1ff16c8694c0,313,"FastNewContextStub"
code-creation,Function,0,0x1ff16c869600,3268," module.js:1:11",0x232e4fb24f00,~
code-creation,Script,0,0x1ff16c86a2e0,244,"module.js",0x232e4fb24fe8,~
code-creation,Function,0,0x1ff16c86a3e0,1032," vm.js:1:11",0x232e4fb25568,~
code-creation,Script,0,0x1ff16c86a800,244,"vm.js",0x232e4fb25650,~
code-creation,Stub,2,0x1ff16c86a900,271,"FastNewContextStub"
code-creation,Function,0,0x1ff16c86aa20,1872," assert.js:1:11",0x232e4fb266a8,~
code-creation,Script,0,0x1ff16c86b180,244,"assert.js",0x232e4fb26790,~
code-creation,CallIC,8,0x1ff16c86b280,577,"runInThisContext"
code-creation,LazyCompile,0,0x1ff16c86b4e0,420,"exports.inherits util.js:569:28",0x264a77582990,~
code-creation,CallIC,8,0x1ff16c86b6a0,200,"ObjectDefineProperties"
code-creation,CallIC,8,0x1ff16c86b780,200,"GetOwnEnumerablePropertyNames"
code-creation,LoadIC,6,0x1ff16c86b860,162,"InternalArray"
code-creation,CallIC,8,0x1ff16c86b920,833,"push"
code-creation,Stub,3,0x1ff16c86bc80,112,"KeyedLoadFieldStub"
code-creation,KeyedLoadIC,7,0x1ff16c86bd00,152,"constructor"
code-creation,CallIC,8,0x1ff16c86bda0,200,"ToPropertyDescriptor"
code-creation,LoadIC,6,0x1ff16c86be80,132,"value"
code-creation,CallIC,8,0x1ff16c86bf20,202,"setValue"
code-creation,Stub,3,0x1ff16c86c000,165,"value_"
code-creation,StoreIC,10,0x1ff16c86c0c0,133,"value_"
code-creation,Stub,3,0x1ff16c86c160,165,"hasValue_"
code-creation,StoreIC,10,0x1ff16c86c220,133,"hasValue_"
code-creation,LazyCompile,0,0x1ff16c86c2c0,248,"$Array.configurable_ native v8natives.js:545:23",0x264a77518740,~
code-creation,CallIC,8,0x1ff16c86c3c0,200,"IsInconsistentDescriptor"
code-creation,LazyCompile,0,0x1ff16c86c4a0,220,"$Array.configurable_ native v8natives.js:549:22",0x264a775187d0,~
code-creation,CallIC,8,0x1ff16c86c580,202,"getValue"
code-creation,LoadIC,6,0x1ff16c86c660,132,"value_"
code-creation,LazyCompile,0,0x1ff16c86c700,656,"NonNumberToNumber native runtime.js:534:27",0x264a77511960,~
code-creation,Stub,13,0x1ff16c86c9a0,547,"CompareICStub"
code-creation,Stub,13,0x1ff16c86cbe0,340,"CompareICStub"
code-creation,LazyCompile,0,0x1ff16c86cd40,964,"exports.debuglog util.js:98:28",0x264a77582870,~
code-creation,LazyCompile,0,0x1ff16c86d120,468,"toUpperCase native string.js:810:27",0x264a77521120,~
code-creation,Stub,2,0x1ff16c86d300,967,"RegExpExecStub"
code-creation,LazyCompile,0,0x1ff16c86d6e0,2492,"test native regexp.js:214:20",0x264a77536a68,~
code-creation,RegExp,5,0x1ff16c86e0a0,1001,"\\bMODULE\\b"
code-creation,CallInitialize,8,0x1ff16c86e4a0,238,"args_count: 5"
code-creation,LazyCompile,0,0x1ff16c86e5a0,996,"Module._initPaths module.js:495:29",0x232e4fb24bf8,~
code-creation,CallPreMonomorphic,8,0x1ff16c86e9a0,238,"args_count: 5"
code-creation,LoadIC,6,0x1ff16c86eaa0,132,"length"
code-creation,CallIC,8,0x1ff16c86eb40,233,"split"
code-creation,CallIC,8,0x1ff16c86ec40,215,"filter"
code-creation,CallIC,8,0x1ff16c86ed20,200,"ToUint32"
code-creation,LoadIC,6,0x1ff16c86ee00,162,"$Array"
code-creation,CallMiss,8,0x1ff16c86eec0,238,"args_count: 2"
code-creation,CallIC,8,0x1ff16c86efc0,207,"splice"
code-creation,CallIC,8,0x1ff16c86f0a0,202,"join"
code-creation,LoadIC,6,0x1ff16c86f180,162,"ConvertToString"
code-creation,CallIC,8,0x1ff16c86f240,200,"Join"
code-creation,LoadIC,6,0x1ff16c86f320,162,"visited_arrays"
code-creation,CallIC,8,0x1ff16c86f3e0,200,"UseSparseVariant"
code-creation,CallInitialize,8,0x1ff16c86f4c0,238,"args_count: 3"
code-creation,LazyCompile,0,0x1ff16c86f5c0,316,"Module.runMain module.js:488:26",0x232e4fb24b68,~
code-creation,CallPreMonomorphic,8,0x1ff16c86f700,238,"args_count: 3"
code-creation,LazyCompile,0,0x1ff16c86f800,1292,"Module._load module.js:268:24",0x232e4fb24778,
code-creation,Stub,15,0x1ff16c86fd20,164,"ToBooleanStub(Null)"
code-creation,LazyCompile,0,0x1ff16c86fde0,684,"Module._resolveFilename module.js:316:35",0x232e4fb24808,~
code-creation,LazyCompile,0,0x1ff16c8700a0,1884,"Module._resolveLookupPaths module.js:224:38",0x232e4fb246e8,~
code-creation,LazyCompile,0,0x1ff16c870800,1004,"substring native string.js:713:25",0x264a77520ee0,~
code-creation,Stub,14,0x1ff16c870c00,184,"CompareNilICStub(NullValue)(MonomorphicMap)"
code-creation,LazyCompile,0,0x1ff16c870cc0,1244,"stringify native json.js:188:23",0x264a77535ce8,~
code-creation,LazyCompile,0,0x1ff16c8711a0,184,"debugs.(anonymous function) util.js:110:29",0x232e4fb26f08,~
code-creation,LazyCompile,0,0x1ff16c871260,1328,"Module._findPath module.js:155:28",0x232e4fb245c8,~
code-creation,LazyCompile,0,0x1ff16c8717a0,536,"keys native v8natives.js:341:20",0x264a77515b20,~
code-creation,LazyCompile,0,0x1ff16c8719c0,1124,"slice native string.js:567:21",0x264a77520d30,~
code-creation,Stub,13,0x1ff16c871e40,189,"CompareICStub"
code-creation,LazyCompile,0,0x1ff16c871f00,400,"tryFile module.js:133:17",0x232e4fb24418,~
code-creation,Stub,2,0x1ff16c8720a0,481,"FastNewContextStub"
code-creation,Function,0,0x1ff16c8722a0,13024," fs.js:1:11",0x232e4fb2c4f0,~
code-creation,Script,0,0x1ff16c875580,244,"fs.js",0x232e4fb2c5d8,~
code-creation,CallIC,8,0x1ff16c875680,213,"Instantiate"
code-creation,Function,0,0x1ff16c875760,952," stream.js:1:11",0x232e4fb2f440,~
code-creation,Script,0,0x1ff16c875b20,244,"stream.js",0x232e4fb2f528,~
code-creation,Stub,3,0x1ff16c875c20,289,"super_"
code-creation,StoreIC,10,0x1ff16c875d60,133,"super_"
code-creation,LoadIC,6,0x1ff16c875e00,172,"Object"
code-creation,Stub,3,0x1ff16c875ec0,165,"value"
code-creation,StoreIC,10,0x1ff16c875f80,133,"value"
code-creation,Stub,3,0x1ff16c876020,165,"constructor"
code-creation,StoreIC,10,0x1ff16c8760e0,133,"constructor"
code-creation,CallIC,8,0x1ff16c876180,172,"create"
code-creation,LoadIC,6,0x1ff16c876240,132,"enumerable"
code-creation,CallIC,8,0x1ff16c8762e0,200,"ToBoolean"
code-creation,LoadIC,6,0x1ff16c8763c0,132,"configurable"
code-creation,LoadIC,6,0x1ff16c876460,132,"writable"
code-creation,CallIC,8,0x1ff16c876500,202,"setWritable"
code-creation,Stub,3,0x1ff16c8765e0,165,"writable_"
code-creation,StoreIC,10,0x1ff16c8766a0,133,"writable_"
code-creation,Stub,3,0x1ff16c876740,165,"hasWritable_"
code-creation,StoreIC,10,0x1ff16c876800,133,"hasWritable_"
code-creation,CallIC,8,0x1ff16c8768a0,202,"isWritable"
code-creation,LoadIC,6,0x1ff16c876980,132,"writable_"
code-creation,StoreIC,10,0x1ff16c876a20,133,"prototype"
code-creation,Stub,2,0x1ff16c876ac0,362,"FastNewContextStub"
code-creation,Function,0,0x1ff16c876c40,3012," _stream_readable.js:1:11",0x232e4fb309b8,~
code-creation,Script,0,0x1ff16c877820,244,"_stream_readable.js",0x232e4fb30aa0,~
code-creation,CallIC,8,0x1ff16c877920,220,"toUpperCase"
code-creation,LoadIC,6,0x1ff16c877a00,172,"RegExp"
code-creation,CallIC,8,0x1ff16c877ac0,202,"test"
code-creation,LoadIC,6,0x1ff16c877ba0,132,"lastIndex"
code-creation,LoadIC,6,0x1ff16c877c40,132,"global"
code-creation,LoadIC,6,0x1ff16c877ce0,132,"source"
code-creation,LoadIC,6,0x1ff16c877d80,162,"lastMatchInfo"
code-creation,RegExp,5,0x1ff16c877e40,1001,"\\bSTREAM\\b"
code-creation,Stub,3,0x1ff16c878240,166,"lastIndex"
code-creation,StoreIC,10,0x1ff16c878300,133,"lastIndex"
code-creation,StorePolymorphicIC,10,0x1ff16c8783a0,152,"prototype"
code-creation,Stub,2,0x1ff16c878440,327,"FastNewContextStub"
code-creation,Function,0,0x1ff16c8785a0,2172," _stream_writable.js:1:11",0x232e4fb31f70,~
code-creation,Script,0,0x1ff16c878e20,244,"_stream_writable.js",0x232e4fb32058,~
code-creation,StorePolymorphicIC,10,0x1ff16c878f20,171,"prototype"
code-creation,Function,0,0x1ff16c878fe0,736," _stream_duplex.js:1:11",0x232e4fb32600,~
code-creation,Script,0,0x1ff16c8792c0,244,"_stream_duplex.js",0x232e4fb326e8,~
code-creation,Stub,3,0x1ff16c8793c0,258,"super_"
code-creation,StoreIC,10,0x1ff16c8794e0,133,"super_"
code-creation,LazyCompile,0,0x1ff16c879580,1636,"forEach native array.js:1184:22",0x264a7751d680,~
code-creation,LazyCompile,0,0x1ff16c879c00,296," _stream_duplex.js:34:49",0x232e4fb32470,~
code-creation,KeyedLoadIC,7,0x1ff16c879d40,152,"write"
code-creation,Stub,3,0x1ff16c879de0,117,"cork"
code-creation,KeyedLoadIC,7,0x1ff16c879e60,152,"cork"
code-creation,Stub,3,0x1ff16c879f00,117,"uncork"
code-creation,Function,0,0x1ff16c879f80,1028," _stream_transform.js:1:11",0x232e4fb32f00,~
code-creation,Script,0,0x1ff16c87a3a0,244,"_stream_transform.js",0x232e4fb32fe8,~
code-creation,Function,0,0x1ff16c87a4a0,556," _stream_passthrough.js:1:11",0x232e4fb33440,~
code-creation,Script,0,0x1ff16c87a6e0,244,"_stream_passthrough.js",0x232e4fb33528,~
code-creation,Function,0,0x1ff16c87a7e0,1076," smalloc.js:1:11",0x232e4fb33d80,~
code-creation,Script,0,0x1ff16c87ac20,244,"smalloc.js",0x232e4fb33e68,~
code-creation,LazyCompile,0,0x1ff16c87ad20,1124,"defineProperty native v8natives.js:1126:30",0x264a775169c0,~
code-creation,LoadPolymorphicIC,6,0x1ff16c87b1a0,151,"enumerable"
code-creation,LoadPolymorphicIC,6,0x1ff16c87b240,151,"value"
code-creation,Stub,3,0x1ff16c87b2e0,165,"hasValue_"
code-creation,StoreIC,10,0x1ff16c87b3a0,133,"hasValue_"
code-creation,LoadPolymorphicIC,6,0x1ff16c87b440,151,"writable"
code-creation,CallIC,8,0x1ff16c87b4e0,202,"setWritable"
code-creation,Stub,3,0x1ff16c87b5c0,165,"writable_"
code-creation,StoreIC,10,0x1ff16c87b680,133,"writable_"
code-creation,Stub,3,0x1ff16c87b720,165,"hasWritable_"
code-creation,StoreIC,10,0x1ff16c87b7e0,133,"hasWritable_"
code-creation,CallIC,8,0x1ff16c87b880,202,"hasGetter"
code-creation,LoadIC,6,0x1ff16c87b960,132,"hasGetter_"
code-creation,CallIC,8,0x1ff16c87ba00,202,"hasSetter"
code-creation,LoadIC,6,0x1ff16c87bae0,132,"hasSetter_"
code-creation,CallIC,8,0x1ff16c87bb80,202,"hasEnumerable"
code-creation,LoadIC,6,0x1ff16c87bc60,132,"hasEnumerable_"
code-creation,CallIC,8,0x1ff16c87bd00,202,"isEnumerable"
code-creation,LoadIC,6,0x1ff16c87bde0,132,"enumerable_"
code-creation,CallIC,8,0x1ff16c87be80,202,"hasConfigurable"
code-creation,LoadIC,6,0x1ff16c87bf60,132,"hasConfigurable_"
code-creation,CallIC,8,0x1ff16c87c000,202,"hasValue"
code-creation,LoadIC,6,0x1ff16c87c0e0,132,"hasValue_"
code-creation,CallIC,8,0x1ff16c87c180,202,"hasWritable"
code-creation,LoadIC,6,0x1ff16c87c260,132,"hasWritable_"
code-creation,CallIC,8,0x1ff16c87c300,202,"isWritable"
code-creation,LoadIC,6,0x1ff16c87c3e0,132,"writable_"
code-creation,CallIC,8,0x1ff16c87c480,202,"getValue"
code-creation,LoadIC,6,0x1ff16c87c560,132,"value_"
code-creation,Stub,3,0x1ff16c87c600,263,"value_"
code-creation,StoreIC,10,0x1ff16c87c720,133,"value_"
code-creation,Stub,3,0x1ff16c87c7c0,293,"hasValue_"
code-creation,StoreIC,10,0x1ff16c87c900,133,"hasValue_"
code-creation,Stub,3,0x1ff16c87c9a0,293,"writable_"
code-creation,StoreIC,10,0x1ff16c87cae0,133,"writable_"
code-creation,Stub,3,0x1ff16c87cb80,293,"hasWritable_"
code-creation,StoreIC,10,0x1ff16c87ccc0,133,"hasWritable_"
code-creation,Stub,3,0x1ff16c87cd60,293,"enumerable_"
code-creation,StoreIC,10,0x1ff16c87cea0,133,"enumerable_"
code-creation,Stub,3,0x1ff16c87cf40,293,"hasEnumerable_"
code-creation,StoreIC,10,0x1ff16c87d080,133,"hasEnumerable_"
code-creation,Stub,3,0x1ff16c87d120,293,"configurable_"
code-creation,StoreIC,10,0x1ff16c87d260,133,"configurable_"
code-creation,Stub,3,0x1ff16c87d300,293,"hasConfigurable_"
code-creation,StoreIC,10,0x1ff16c87d440,133,"hasConfigurable_"
code-creation,Stub,3,0x1ff16c87d4e0,293,"get_"
code-creation,StoreIC,10,0x1ff16c87d620,133,"get_"
code-creation,Stub,3,0x1ff16c87d6c0,293,"hasGetter_"
code-creation,StoreIC,10,0x1ff16c87d800,133,"hasGetter_"
code-creation,Stub,3,0x1ff16c87d8a0,293,"set_"
code-creation,StoreIC,10,0x1ff16c87d9e0,133,"set_"
code-creation,Stub,3,0x1ff16c87da80,293,"hasSetter_"
code-creation,StoreIC,10,0x1ff16c87dbc0,133,"hasSetter_"
code-creation,CallIC,8,0x1ff16c87dc60,202,"setEnumerable"
code-creation,Stub,3,0x1ff16c87dd40,165,"enumerable_"
code-creation,StoreIC,10,0x1ff16c87de00,133,"enumerable_"
code-creation,Stub,3,0x1ff16c87dea0,165,"hasEnumerable_"
code-creation,StoreIC,10,0x1ff16c87df60,133,"hasEnumerable_"
code-creation,CallIC,8,0x1ff16c87e000,202,"setValue"
code-creation,Stub,3,0x1ff16c87e0e0,166,"value_"
code-creation,StoreIC,10,0x1ff16c87e1a0,133,"value_"
code-creation,LoadPolymorphicIC,6,0x1ff16c87e240,151,"enumerable"
code-creation,LoadPolymorphicIC,6,0x1ff16c87e2e0,151,"value"
code-creation,LoadPolymorphicIC,6,0x1ff16c87e380,151,"writable"
code-creation,LoadPolymorphicIC,6,0x1ff16c87e420,170,"enumerable"
code-creation,LoadPolymorphicIC,6,0x1ff16c87e4e0,170,"value"
code-creation,CallIC,8,0x1ff16c87e5a0,202,"setConfigurable"
code-creation,Stub,3,0x1ff16c87e680,165,"configurable_"
code-creation,StoreIC,10,0x1ff16c87e740,133,"configurable_"
code-creation,Stub,3,0x1ff16c87e7e0,165,"hasConfigurable_"
code-creation,StoreIC,10,0x1ff16c87e8a0,133,"hasConfigurable_"
code-creation,CallIC,8,0x1ff16c87e940,202,"isConfigurable"
code-creation,LoadIC,6,0x1ff16c87ea20,132,"configurable_"
code-creation,LazyCompile,0,0x1ff16c87eac0,384,"statPath module.js:83:18",0x232e4fb24268,
code-creation,LazyCompile,0,0x1ff16c87ec40,288,"fs.statSync fs.js:674:23",0x232e4fb2a5c0,~
code-creation,LazyCompile,0,0x1ff16c87ed60,588,"nullCheck fs.js:107:19",0x232e4fb28760,~
code-creation,LazyCompile,0,0x1ff16c87efc0,192,"exports._makeLong path.js:514:31",0x264a7758db00,~
code-creation,LazyCompile,0,0x1ff16c87f080,280,"CreateDate native apinatives.js:33:20",0x264a775305f0,~
code-creation,LazyCompile,0,0x1ff16c87f1a0,476,"setTime native date.js:475:21",0x264a77532630,~
code-creation,LoadIC,6,0x1ff16c87f380,162,"$Date"
code-creation,CallIC,8,0x1ff16c87f440,202,"setTime"
code-creation,CallIC,8,0x1ff16c87f520,200,"ToNumber"
code-creation,LazyCompile,0,0x1ff16c87f600,232,"fs.Stats.isDirectory fs.js:126:42",0x232e4fb28f40,~
code-creation,LazyCompile,0,0x1ff16c87f700,280,"fs.Stats._checkModeProperty fs.js:122:49",0x232e4fb28eb0,~
code-creation,LazyCompile,0,0x1ff16c87f820,2428,"realpathSync fs.js:1178:40",0x232e4fb2ba00,~
code-creation,LazyCompile,0,0x1ff16c8801a0,632,"start fs.js:1201:17",0x232e4fb36300,~
code-creation,LazyCompile,0,0x1ff16c880420,1024,"exec native regexp.js:165:20",0x264a775369d8,~
code-creation,RegExp,5,0x1ff16c880820,846,"^[\\/]*"
code-creation,Stub,2,0x1ff16c880b80,296,"RegExpConstructResultStub"
code-creation,LazyCompile,0,0x1ff16c880cc0,716,"BuildResultFromMatchInfo native regexp.js:134:34",0x264a775368b8,~
code-creation,KeyedLoadIC,7,0x1ff16c880fa0,130,""
code-creation,KeyedStoreIC,11,0x1ff16c881040,130,""
code-creation,KeyedLoadIC,7,0x1ff16c8810e0,130,""
code-creation,RegExp,5,0x1ff16c881180,1134,"(.*?)(?:[\\/]+|$)"
code-creation,Stub,10,0x1ff16c881600,204,"StoreGlobalStub"
code-creation,Stub,10,0x1ff16c8816e0,204,"StoreGlobalStub"
code-creation,CallIC,8,0x1ff16c8817c0,200,"BuildResultFromMatchInfo"
code-creation,Stub,13,0x1ff16c8818a0,642,"CompareICStub"
code-creation,LazyCompile,0,0x1ff16c881b40,288,"fs.lstatSync fs.js:669:24",0x232e4fb2a530,~
code-creation,CallIC,8,0x1ff16c881c60,220,"indexOf"
code-creation,LazyCompile,0,0x1ff16c881d40,232,"fs.Stats.isSymbolicLink fs.js:142:45",0x232e4fb29180,~
code-creation,LoadIC,6,0x1ff16c881e40,132,"mode"
code-creation,LoadIC,6,0x1ff16c881ee0,132,"S_IFMT"
code-creation,CallIC,8,0x1ff16c881f80,202,"exec"
code-creation,Stub,3,0x1ff16c882060,117,"hasOwnProperty"
code-creation,LoadIC,6,0x1ff16c8820e0,132,"hasOwnProperty"
code-creation,CallIC,8,0x1ff16c882180,207,"call"
code-creation,CallIC,8,0x1ff16c882260,172,"lstatSync"
code-creation,CallIC,8,0x1ff16c882320,172,"_makeLong"
code-creation,CallIC,8,0x1ff16c8823e0,547,"lstat"
code-creation,CallIC,8,0x1ff16c882620,200,"isSymbolicLink"
code-creation,LoadIC,6,0x1ff16c882700,132,"S_IFLNK"
code-creation,CallIC,8,0x1ff16c8827a0,200,"_checkModeProperty"
code-creation,LazyCompile,0,0x1ff16c882880,472,"Module module.js:37:16",0x232e4fb241d8,~
code-creation,KeyedCallInitialize,9,0x1ff16c882a60,191,"args_count: 2"
code-creation,LazyCompile,0,0x1ff16c882b20,764,"Module.load module.js:339:33",0x232e4fb24898,~
code-creation,Stub,2,0x1ff16c882e20,459,"CallFunctionStub_Args5_Recording"
code-creation,LazyCompile,0,0x1ff16c883000,296,"ok assert.js:117:12",0x232e4fb25c48,~
code-creation,LazyCompile,0,0x1ff16c883140,416,"exports.dirname path.js:445:27",0x264a7758d7a0,~
code-creation,LazyCompile,0,0x1ff16c8832e0,236,"splitPath path.js:312:27",0x264a7758d440,~
code-creation,RegExp,5,0x1ff16c8833e0,2544,"^(\\/?|)([\\s\\S]*?)((?:\\.{1\,2}|[^\\/]+?|)(\\.[^.\\/]*|))(?:[\\/]*)$"
code-creation,LazyCompile,0,0x1ff16c883de0,1140,"substr native string.js:748:22",0x264a77520f70,~
code-creation,Stub,14,0x1ff16c884260,184,"CompareNilICStub(NullValue)(MonomorphicMap)"
code-creation,LazyCompile,0,0x1ff16c884320,1288,"Module._nodeModulePaths module.js:202:35",0x232e4fb24658,~
code-creation,LazyCompile,0,0x1ff16c884840,2196,"StringSplitOnRegExp native string.js:650:29",0x264a77520e50,~
code-creation,LazyCompile,0,0x1ff16c8850e0,308,"DoRegExpExec native regexp.js:127:22",0x264a77536828,~
code-creation,Stub,14,0x1ff16c885220,184,"CompareNilICStub(NullValue)(MonomorphicMap)"
code-creation,Stub,13,0x1ff16c8852e0,290,"CompareICStub"
code-creation,CallIC,8,0x1ff16c885420,200,"DoRegExpExec"
code-creation,LoadIC,6,0x1ff16c885500,162,"ArrayPushBuiltin"
code-creation,Stub,14,0x1ff16c8855c0,208,"CompareNilICStub(NullValue)(Null,MonomorphicMap)"
code-creation,Stub,14,0x1ff16c8856a0,208,"CompareNilICStub(NullValue)(Null,MonomorphicMap)"
code-creation,LazyCompile,0,0x1ff16c885780,776,"ArrayConcat native array.js:481:21",0x264a7751cea0,~
code-creation,CallIC,8,0x1ff16c885aa0,207,"slice"
code-creation,CallIC,8,0x1ff16c885b80,207,"concat"
code-creation,LoadIC,6,0x1ff16c885c60,132,"sep"
code-creation,CallIC,8,0x1ff16c885d00,833,"push"
code-creation,LazyCompile,0,0x1ff16c886060,240,"exports.extname path.js:474:27",0x264a7758d8c0,~
code-creation,CallIC,8,0x1ff16c886160,207,"slice"
code-creation,Stub,2,0x1ff16c886240,968,"NameDictionaryLookupStub"
code-creation,KeyedCallMegamorphic,9,0x1ff16c886620,1451,"args_count: 2"
code-creation,LazyCompile,0,0x1ff16c886be0,336,"Module._extensions..js module.js:465:37",0x232e4fb24a48,~
code-creation,LazyCompile,0,0x1ff16c886d40,2336,"fs.readFileSync fs.js:263:27",0x232e4fb294e0,
code-creation,LazyCompile,0,0x1ff16c887660,348,"assertEncoding fs.js:101:24",0x232e4fb286d0,~
code-creation,LazyCompile,0,0x1ff16c8877c0,680,"Buffer.isEncoding buffer.js:126:29",0x264a775856c8,~
code-creation,LazyCompile,0,0x1ff16c887a80,468,"toLowerCase native string.js:790:27",0x264a77521000,~
code-creation,LazyCompile,0,0x1ff16c887c60,400,"fs.openSync fs.js:407:23",0x232e4fb29720,~
code-creation,LazyCompile,0,0x1ff16c887e00,408,"modeNum fs.js:386:17",0x232e4fb28880,~
code-creation,LazyCompile,0,0x1ff16c887fa0,236,"isNumber util.js:466:18",0x264a77581ee0,~
code-creation,Stub,12,0x1ff16c8880a0,146,"BinaryOpStub_BIT_OR_ReuseLeft(None*None->None)"
code-creation,LazyCompile,0,0x1ff16c888140,1500,"stringToFlags fs.js:336:23",0x232e4fb287f0,~
code-creation,LazyCompile,0,0x1ff16c888720,216,"fs.fstatSync fs.js:665:24",0x232e4fb2a4a0,~
code-creation,LazyCompile,0,0x1ff16c888800,2112,"Buffer buffer.js:47:16",0x264a77585008,~
code-creation,LazyCompile,0,0x1ff16c889040,248,"isBuffer util.js:522:18",0x264a77582480,~
code-creation,Stub,2,0x1ff16c889140,231,"FastNewContextStub"
code-creation,LazyCompile,0,0x1ff16c889240,1172,"fs.readSync fs.js:443:23",0x232e4fb29840,~
code-creation,LoadIC,6,0x1ff16c8896e0,172,"Buffer"
code-creation,LazyCompile,0,0x1ff16c8897a0,216,"fs.closeSync fs.js:382:24",0x232e4fb29600,~
code-creation,LazyCompile,0,0x1ff16c889880,1704,"Buffer.toString buffer.js:207:37",0x264a77585878,~
code-creation,LoadIC,6,0x1ff16c889f40,162,"$NaN"
code-creation,LazyCompile,0,0x1ff16c88a000,288,"stripBOM module.js:453:18",0x232e4fb24538,~
code-creation,LazyCompile,0,0x1ff16c88a120,1352,"charCodeAt native string.js:77:26",0x264a77520670,~
code-creation,Stub,2,0x1ff16c88a680,1126,"FastCloneShallowArrayStub"
code-creation,LazyCompile,0,0x1ff16c88ab00,3280,"Module._compile module.js:367:37",0x232e4fb249b8,~
code-creation,RegExp,5,0x1ff16c88b7e0,895,"^\\#\\!.*"
code-creation,Stub,3,0x1ff16c88bb60,165,"get_"
code-creation,StoreIC,10,0x1ff16c88bc20,133,"get_"
code-creation,Stub,3,0x1ff16c88bcc0,165,"hasGetter_"
code-creation,StoreIC,10,0x1ff16c88bd80,133,"hasGetter_"
code-creation,CallIC,8,0x1ff16c88be20,202,"getGet"
code-creation,LoadIC,6,0x1ff16c88bf00,132,"get_"
code-creation,LoadIC,6,0x1ff16c88bfa0,132,"length"
code-creation,CallIC,8,0x1ff16c88c040,220,"substr"
code-creation,LazyCompile,0,0x1ff16c88c120,256,"exports.runInThisContext vm.js:68:36",0x232e4fb25400,~
code-creation,Function,0,0x1ff16c88c220,504," /Users/stefan/src/perf-scratch/intern/b.js:1:11",0x232e4fb382e0,~
code-creation,Script,0,0x1ff16c88c420,244,"/Users/stefan/src/perf-scratch/intern/b.js",0x232e4fb383c8,~
code-creation,LazyCompile,0,0x1ff16c88c520,476,"IAMMETHOD /Users/stefan/src/perf-scratch/intern/b.js:7:21",0x232e4fb38180,~
code-creation,KeyedStoreIC,11,0x1ff16c88c700,130,""
code-creation,KeyedLoadIC,7,0x1ff16c88c7a0,152,"hello"
code-creation,LazyCompile,0,0x1ff16c88c840,476,"IAMMETHOD /Users/stefan/src/perf-scratch/intern/b.js:7:21",0x232e4fb38180,~
code-creation,Stub,2,0x1ff16c88ca20,542,"ArraySingleArgumentConstructorStub"
code-creation,Stub,2,0x1ff16c88cc40,2646,"RecordWriteStub"
code-creation,LazyCompile,1,0x1ff16c88d6a0,661,"IAMMETHOD /Users/stefan/src/perf-scratch/intern/b.js:7:21",0x232e4fb38180,*
code-creation,LazyCompile,0,0x1ff16c88d940,1104,"_tickCallback node.js:653:27",0x264a7758bf50,
code-creation,Stub,2,0x1ff16c88dda0,458,"KeyedLoadElementStub"
code-creation,KeyedLoadIC,7,0x1ff16c88df80,130,""
code-creation,LazyCompile,0,0x1ff16c88e020,528,"tickDone node.js:638:22",0x264a7758bec0,~
code-creation,Stub,2,0x1ff16c88e240,380,"KeyedStoreElementStub"
code-creation,KeyedStoreIC,11,0x1ff16c88e3c0,130,""
code-creation,LazyCompile,0,0x1ff16c88e460,2544,"EventEmitter.emit events.js:65:39",0x264a77580870,~
